[ INFO ] [2015-12-29 20:56:12] com.umbrellary.Application [48] - Starting Application v0.0.1-SNAPSHOT on Zrui-MacBook-Pro.local with PID 9824 (/Users/Zrui/MyProject/Intellij IDEA/OSAdmin/target/OSAdmin-0.0.1-SNAPSHOT.jar started by Zrui in /Users/Zrui/MyProject/Intellij IDEA/OSAdmin/target)
[ INFO ] [2015-12-29 20:56:12] com.umbrellary.Application [664] - No active profile set, falling back to default profiles: default
[ INFO ] [2015-12-29 20:56:12] org.springframework.boot.context.embedded.AnnotationConfigEmbeddedWebApplicationContext [578] - Refreshing org.springframework.boot.context.embedded.AnnotationConfigEmbeddedWebApplicationContext@4100b7ca: startup date [Tue Dec 29 20:56:12 CST 2015]; root of context hierarchy
[ INFO ] [2015-12-29 20:56:14] org.springframework.context.support.PostProcessorRegistrationDelegate$BeanPostProcessorChecker [328] - Bean 'org.springframework.transaction.annotation.ProxyTransactionManagementConfiguration' of type [class org.springframework.transaction.annotation.ProxyTransactionManagementConfiguration$$EnhancerBySpringCGLIB$$4a991316] is not eligible for getting processed by all BeanPostProcessors (for example: not eligible for auto-proxying)
[ INFO ] [2015-12-29 20:56:15] org.springframework.boot.context.embedded.tomcat.TomcatEmbeddedServletContainer [81] - Tomcat initialized with port(s): 8080 (http)
[ INFO ] [2015-12-29 20:56:15] org.apache.catalina.core.StandardService [180] - Starting service Tomcat
[ INFO ] [2015-12-29 20:56:15] org.apache.catalina.core.StandardEngine [180] - Starting Servlet Engine: Apache Tomcat/8.0.30
[ INFO ] [2015-12-29 20:56:15] org.apache.catalina.core.ContainerBase.[Tomcat].[localhost].[/] [180] - Initializing Spring embedded WebApplicationContext
[ INFO ] [2015-12-29 20:56:15] org.springframework.web.context.ContextLoader [272] - Root WebApplicationContext: initialization completed in 3007 ms
[ INFO ] [2015-12-29 20:56:16] org.springframework.boot.context.embedded.ServletRegistrationBean [189] - Mapping servlet: 'dispatcherServlet' to [/]
[ INFO ] [2015-12-29 20:56:16] org.springframework.boot.context.embedded.FilterRegistrationBean [258] - Mapping filter: 'metricFilter' to: [/*]
[ INFO ] [2015-12-29 20:56:16] org.springframework.boot.context.embedded.FilterRegistrationBean [258] - Mapping filter: 'characterEncodingFilter' to: [/*]
[ INFO ] [2015-12-29 20:56:16] org.springframework.boot.context.embedded.FilterRegistrationBean [258] - Mapping filter: 'hiddenHttpMethodFilter' to: [/*]
[ INFO ] [2015-12-29 20:56:16] org.springframework.boot.context.embedded.FilterRegistrationBean [258] - Mapping filter: 'httpPutFormContentFilter' to: [/*]
[ INFO ] [2015-12-29 20:56:16] org.springframework.boot.context.embedded.FilterRegistrationBean [258] - Mapping filter: 'requestContextFilter' to: [/*]
[ INFO ] [2015-12-29 20:56:16] org.springframework.boot.context.embedded.FilterRegistrationBean [258] - Mapping filter: 'webRequestLoggingFilter' to: [/*]
[ INFO ] [2015-12-29 20:56:16] org.springframework.boot.context.embedded.FilterRegistrationBean [258] - Mapping filter: 'applicationContextIdFilter' to: [/*]
[ INFO ] [2015-12-29 20:56:16] org.springframework.orm.jpa.LocalContainerEntityManagerFactoryBean [339] - Building JPA container EntityManagerFactory for persistence unit 'default'
[ INFO ] [2015-12-29 20:56:19] org.springframework.web.servlet.mvc.method.annotation.RequestMappingHandlerAdapter [532] - Looking for @ControllerAdvice: org.springframework.boot.context.embedded.AnnotationConfigEmbeddedWebApplicationContext@4100b7ca: startup date [Tue Dec 29 20:56:12 CST 2015]; root of context hierarchy
[ INFO ] [2015-12-29 20:56:19] org.springframework.web.servlet.mvc.method.annotation.RequestMappingHandlerMapping [527] - Mapped "{[/api1]}" onto public java.lang.String com.umbrellary.contoller.MainController.api1(java.lang.String,org.springframework.ui.Model)
[ INFO ] [2015-12-29 20:56:19] org.springframework.web.servlet.mvc.method.annotation.RequestMappingHandlerMapping [527] - Mapped "{[/api2]}" onto public java.lang.String com.umbrellary.contoller.MainController.api2(java.lang.String,org.springframework.ui.Model)
[ INFO ] [2015-12-29 20:56:19] org.springframework.web.servlet.mvc.method.annotation.RequestMappingHandlerMapping [527] - Mapped "{[/api3/{day}]}" onto public java.lang.String com.umbrellary.contoller.MainController.getForDay(java.lang.String,org.springframework.ui.Model)
[ INFO ] [2015-12-29 20:56:19] org.springframework.web.servlet.mvc.method.annotation.RequestMappingHandlerMapping [527] - Mapped "{[/Login]}" onto public java.lang.String com.umbrellary.contoller.MainController.Login(java.lang.String,java.lang.String,org.springframework.ui.Model)
[ INFO ] [2015-12-29 20:56:19] org.springframework.web.servlet.mvc.method.annotation.RequestMappingHandlerMapping [527] - Mapped "{[/api4]}" onto public java.lang.String com.umbrellary.contoller.MainController.api4()
[ INFO ] [2015-12-29 20:56:19] org.springframework.web.servlet.mvc.method.annotation.RequestMappingHandlerMapping [527] - Mapped "{[/api5]}" onto public java.lang.String com.umbrellary.contoller.MainController.api5()
[ INFO ] [2015-12-29 20:56:19] org.springframework.web.servlet.mvc.method.annotation.RequestMappingHandlerMapping [527] - Mapped "{[/api6]}" onto public org.springframework.web.servlet.ModelAndView com.umbrellary.contoller.MainController.api6()
[ INFO ] [2015-12-29 20:56:19] org.springframework.web.servlet.mvc.method.annotation.RequestMappingHandlerMapping [527] - Mapped "{[/api7]}" onto public java.lang.String com.umbrellary.contoller.MainController.api7()
[ INFO ] [2015-12-29 20:56:19] org.springframework.web.servlet.mvc.method.annotation.RequestMappingHandlerMapping [527] - Mapped "{[/error]}" onto public org.springframework.http.ResponseEntity<java.util.Map<java.lang.String, java.lang.Object>> org.springframework.boot.autoconfigure.web.BasicErrorController.error(javax.servlet.http.HttpServletRequest)
[ INFO ] [2015-12-29 20:56:19] org.springframework.web.servlet.mvc.method.annotation.RequestMappingHandlerMapping [527] - Mapped "{[/error],produces=[text/html]}" onto public org.springframework.web.servlet.ModelAndView org.springframework.boot.autoconfigure.web.BasicErrorController.errorHtml(javax.servlet.http.HttpServletRequest,javax.servlet.http.HttpServletResponse)
[ INFO ] [2015-12-29 20:56:20] org.springframework.web.servlet.handler.SimpleUrlHandlerMapping [341] - Mapped URL path [/webjars/**] onto handler of type [class org.springframework.web.servlet.resource.ResourceHttpRequestHandler]
[ INFO ] [2015-12-29 20:56:20] org.springframework.web.servlet.handler.SimpleUrlHandlerMapping [341] - Mapped URL path [/**] onto handler of type [class org.springframework.web.servlet.resource.ResourceHttpRequestHandler]
[ INFO ] [2015-12-29 20:56:20] org.springframework.web.servlet.handler.SimpleUrlHandlerMapping [341] - Mapped URL path [/**/favicon.ico] onto handler of type [class org.springframework.web.servlet.resource.ResourceHttpRequestHandler]
[ INFO ] [2015-12-29 20:56:21] org.springframework.boot.actuate.endpoint.mvc.EndpointHandlerMapping [527] - Mapped "{[/configprops || /configprops.json],methods=[GET],produces=[application/json]}" onto public java.lang.Object org.springframework.boot.actuate.endpoint.mvc.EndpointMvcAdapter.invoke()
[ INFO ] [2015-12-29 20:56:21] org.springframework.boot.actuate.endpoint.mvc.EndpointHandlerMapping [527] - Mapped "{[/mappings || /mappings.json],methods=[GET],produces=[application/json]}" onto public java.lang.Object org.springframework.boot.actuate.endpoint.mvc.EndpointMvcAdapter.invoke()
[ INFO ] [2015-12-29 20:56:21] org.springframework.boot.actuate.endpoint.mvc.EndpointHandlerMapping [527] - Mapped "{[/dump || /dump.json],methods=[GET],produces=[application/json]}" onto public java.lang.Object org.springframework.boot.actuate.endpoint.mvc.EndpointMvcAdapter.invoke()
[ INFO ] [2015-12-29 20:56:21] org.springframework.boot.actuate.endpoint.mvc.EndpointHandlerMapping [527] - Mapped "{[/env/{name:.*}],methods=[GET],produces=[application/json]}" onto public java.lang.Object org.springframework.boot.actuate.endpoint.mvc.EnvironmentMvcEndpoint.value(java.lang.String)
[ INFO ] [2015-12-29 20:56:21] org.springframework.boot.actuate.endpoint.mvc.EndpointHandlerMapping [527] - Mapped "{[/env || /env.json],methods=[GET],produces=[application/json]}" onto public java.lang.Object org.springframework.boot.actuate.endpoint.mvc.EndpointMvcAdapter.invoke()
[ INFO ] [2015-12-29 20:56:21] org.springframework.boot.actuate.endpoint.mvc.EndpointHandlerMapping [527] - Mapped "{[/info || /info.json],methods=[GET],produces=[application/json]}" onto public java.lang.Object org.springframework.boot.actuate.endpoint.mvc.EndpointMvcAdapter.invoke()
[ INFO ] [2015-12-29 20:56:21] org.springframework.boot.actuate.endpoint.mvc.EndpointHandlerMapping [527] - Mapped "{[/health || /health.json],produces=[application/json]}" onto public java.lang.Object org.springframework.boot.actuate.endpoint.mvc.HealthMvcEndpoint.invoke(java.security.Principal)
[ INFO ] [2015-12-29 20:56:21] org.springframework.boot.actuate.endpoint.mvc.EndpointHandlerMapping [527] - Mapped "{[/beans || /beans.json],methods=[GET],produces=[application/json]}" onto public java.lang.Object org.springframework.boot.actuate.endpoint.mvc.EndpointMvcAdapter.invoke()
[ INFO ] [2015-12-29 20:56:21] org.springframework.boot.actuate.endpoint.mvc.EndpointHandlerMapping [527] - Mapped "{[/metrics/{name:.*}],methods=[GET],produces=[application/json]}" onto public java.lang.Object org.springframework.boot.actuate.endpoint.mvc.MetricsMvcEndpoint.value(java.lang.String)
[ INFO ] [2015-12-29 20:56:21] org.springframework.boot.actuate.endpoint.mvc.EndpointHandlerMapping [527] - Mapped "{[/metrics || /metrics.json],methods=[GET],produces=[application/json]}" onto public java.lang.Object org.springframework.boot.actuate.endpoint.mvc.EndpointMvcAdapter.invoke()
[ INFO ] [2015-12-29 20:56:21] org.springframework.boot.actuate.endpoint.mvc.EndpointHandlerMapping [527] - Mapped "{[/trace || /trace.json],methods=[GET],produces=[application/json]}" onto public java.lang.Object org.springframework.boot.actuate.endpoint.mvc.EndpointMvcAdapter.invoke()
[ INFO ] [2015-12-29 20:56:21] org.springframework.boot.actuate.endpoint.mvc.EndpointHandlerMapping [527] - Mapped "{[/autoconfig || /autoconfig.json],methods=[GET],produces=[application/json]}" onto public java.lang.Object org.springframework.boot.actuate.endpoint.mvc.EndpointMvcAdapter.invoke()
[ INFO ] [2015-12-29 20:56:21] org.springframework.web.servlet.view.velocity.VelocityConfigurer [140] - ClasspathResourceLoader with name 'springMacro' added to configured VelocityEngine
[ INFO ] [2015-12-29 20:56:21] org.springframework.ui.velocity.SpringResourceLoader [92] - SpringResourceLoader for Velocity: using resource loader [org.springframework.boot.context.embedded.AnnotationConfigEmbeddedWebApplicationContext@4100b7ca: startup date [Tue Dec 29 20:56:12 CST 2015]; root of context hierarchy] and resource loader paths [classpath:/templates/]
[ INFO ] [2015-12-29 20:56:21] org.springframework.jmx.export.annotation.AnnotationMBeanExporter [431] - Registering beans for JMX exposure on startup
[ INFO ] [2015-12-29 20:56:21] org.springframework.boot.actuate.endpoint.jmx.EndpointMBeanExporter [431] - Registering beans for JMX exposure on startup
[ INFO ] [2015-12-29 20:56:21] org.springframework.context.support.DefaultLifecycleProcessor [341] - Starting beans in phase 0
[ INFO ] [2015-12-29 20:56:21] org.springframework.boot.actuate.endpoint.jmx.EndpointMBeanExporter [674] - Located managed bean 'requestMappingEndpoint': registering with JMX server as MBean [org.springframework.boot:type=Endpoint,name=requestMappingEndpoint]
[ INFO ] [2015-12-29 20:56:21] org.springframework.boot.actuate.endpoint.jmx.EndpointMBeanExporter [674] - Located managed bean 'environmentEndpoint': registering with JMX server as MBean [org.springframework.boot:type=Endpoint,name=environmentEndpoint]
[ INFO ] [2015-12-29 20:56:21] org.springframework.boot.actuate.endpoint.jmx.EndpointMBeanExporter [674] - Located managed bean 'healthEndpoint': registering with JMX server as MBean [org.springframework.boot:type=Endpoint,name=healthEndpoint]
[ INFO ] [2015-12-29 20:56:21] org.springframework.boot.actuate.endpoint.jmx.EndpointMBeanExporter [674] - Located managed bean 'beansEndpoint': registering with JMX server as MBean [org.springframework.boot:type=Endpoint,name=beansEndpoint]
[ INFO ] [2015-12-29 20:56:21] org.springframework.boot.actuate.endpoint.jmx.EndpointMBeanExporter [674] - Located managed bean 'infoEndpoint': registering with JMX server as MBean [org.springframework.boot:type=Endpoint,name=infoEndpoint]
[ INFO ] [2015-12-29 20:56:21] org.springframework.boot.actuate.endpoint.jmx.EndpointMBeanExporter [674] - Located managed bean 'metricsEndpoint': registering with JMX server as MBean [org.springframework.boot:type=Endpoint,name=metricsEndpoint]
[ INFO ] [2015-12-29 20:56:21] org.springframework.boot.actuate.endpoint.jmx.EndpointMBeanExporter [674] - Located managed bean 'traceEndpoint': registering with JMX server as MBean [org.springframework.boot:type=Endpoint,name=traceEndpoint]
[ INFO ] [2015-12-29 20:56:21] org.springframework.boot.actuate.endpoint.jmx.EndpointMBeanExporter [674] - Located managed bean 'dumpEndpoint': registering with JMX server as MBean [org.springframework.boot:type=Endpoint,name=dumpEndpoint]
[ INFO ] [2015-12-29 20:56:21] org.springframework.boot.actuate.endpoint.jmx.EndpointMBeanExporter [674] - Located managed bean 'autoConfigurationReportEndpoint': registering with JMX server as MBean [org.springframework.boot:type=Endpoint,name=autoConfigurationReportEndpoint]
[ INFO ] [2015-12-29 20:56:21] org.springframework.boot.actuate.endpoint.jmx.EndpointMBeanExporter [674] - Located managed bean 'configurationPropertiesReportEndpoint': registering with JMX server as MBean [org.springframework.boot:type=Endpoint,name=configurationPropertiesReportEndpoint]
[ INFO ] [2015-12-29 20:56:22] org.apache.coyote.http11.Http11NioProtocol [180] - Initializing ProtocolHandler ["http-nio-8080"]
[ INFO ] [2015-12-29 20:56:22] org.apache.coyote.http11.Http11NioProtocol [180] - Starting ProtocolHandler ["http-nio-8080"]
[ INFO ] [2015-12-29 20:56:22] org.apache.tomcat.util.net.NioSelectorPool [180] - Using a shared selector for servlet write/read
[ INFO ] [2015-12-29 20:56:22] org.springframework.boot.context.embedded.tomcat.TomcatEmbeddedServletContainer [162] - Tomcat started on port(s): 8080 (http)
[ INFO ] [2015-12-29 20:56:22] com.umbrellary.Application [57] - Started Application in 9.95 seconds (JVM running for 10.731)
[ INFO ] [2015-12-29 20:56:40] org.apache.catalina.core.ContainerBase.[Tomcat].[localhost].[/] [180] - Initializing Spring FrameworkServlet 'dispatcherServlet'
[ INFO ] [2015-12-29 20:56:40] org.springframework.web.servlet.DispatcherServlet [489] - FrameworkServlet 'dispatcherServlet': initialization started
[ INFO ] [2015-12-29 20:56:40] org.springframework.web.servlet.DispatcherServlet [508] - FrameworkServlet 'dispatcherServlet': initialization completed in 21 ms
[ INFO ] [2015-12-29 20:56:40] com.umbrellary.serviceimpl.UserService [82] - info
[ WARN ] [2015-12-29 20:56:40] com.umbrellary.serviceimpl.UserService [84] - warn
[ INFO ] [2015-12-29 20:56:41] com.umbrellary.serviceimpl.UserService [82] - info
[ WARN ] [2015-12-29 20:56:41] com.umbrellary.serviceimpl.UserService [84] - warn
[ INFO ] [2015-12-29 20:56:46] org.springframework.boot.context.embedded.AnnotationConfigEmbeddedWebApplicationContext [960] - Closing org.springframework.boot.context.embedded.AnnotationConfigEmbeddedWebApplicationContext@4100b7ca: startup date [Tue Dec 29 20:56:12 CST 2015]; root of context hierarchy
[ INFO ] [2015-12-29 20:56:46] org.springframework.context.support.DefaultLifecycleProcessor [356] - Stopping beans in phase 0
[ INFO ] [2015-12-29 20:56:46] org.springframework.boot.actuate.endpoint.jmx.EndpointMBeanExporter [449] - Unregistering JMX-exposed beans on shutdown
[ INFO ] [2015-12-29 20:56:46] org.springframework.boot.actuate.endpoint.jmx.EndpointMBeanExporter [241] - Unregistering JMX-exposed beans
[ INFO ] [2015-12-29 20:56:46] org.springframework.jmx.export.annotation.AnnotationMBeanExporter [449] - Unregistering JMX-exposed beans on shutdown
[ INFO ] [2015-12-29 20:56:46] org.springframework.orm.jpa.LocalContainerEntityManagerFactoryBean [462] - Closing JPA EntityManagerFactory for persistence unit 'default'
