[2016-01-02 16:29:19] [ main ] [ INFO ] [com.umbrellary.Application: 48] Starting Application on Zrui-MacBook-Pro.local with PID 7475 (/Users/Zrui/Github/SpringBoot/target/classes started by Zrui in /Users/Zrui/Github/SpringBoot) 
[2016-01-02 16:29:19] [ main ] [ INFO ] [com.umbrellary.Application: 664] No active profile set, falling back to default profiles: default 
[2016-01-02 16:29:19] [ main ] [ INFO ] [org.springframework.boot.context.embedded.AnnotationConfigEmbeddedWebApplicationContext: 578] Refreshing org.springframework.boot.context.embedded.AnnotationConfigEmbeddedWebApplicationContext@3b938003: startup date [Sat Jan 02 16:29:19 CST 2016]; root of context hierarchy 
[2016-01-02 16:29:20] [ pool-1-thread-1 ] [ INFO ] [org.hibernate.validator.internal.util.Version: 17] HV000001: Hibernate Validator 5.2.2.Final 
[2016-01-02 16:29:22] [ main ] [ INFO ] [org.springframework.context.support.PostProcessorRegistrationDelegate$BeanPostProcessorChecker: 328] Bean 'org.springframework.transaction.annotation.ProxyTransactionManagementConfiguration' of type [class org.springframework.transaction.annotation.ProxyTransactionManagementConfiguration$$EnhancerBySpringCGLIB$$e7317670] is not eligible for getting processed by all BeanPostProcessors (for example: not eligible for auto-proxying) 
[2016-01-02 16:29:22] [ main ] [ INFO ] [org.springframework.context.support.PostProcessorRegistrationDelegate$BeanPostProcessorChecker: 328] Bean 'redisConfig' of type [class com.umbrellary.config.RedisConfig$$EnhancerBySpringCGLIB$$db8c3a9c] is not eligible for getting processed by all BeanPostProcessors (for example: not eligible for auto-proxying) 
[2016-01-02 16:29:22] [ main ] [ INFO ] [org.springframework.context.support.PostProcessorRegistrationDelegate$BeanPostProcessorChecker: 328] Bean 'org.springframework.cache.annotation.ProxyCachingConfiguration' of type [class org.springframework.cache.annotation.ProxyCachingConfiguration$$EnhancerBySpringCGLIB$$4e8f40ce] is not eligible for getting processed by all BeanPostProcessors (for example: not eligible for auto-proxying) 
[2016-01-02 16:29:23] [ main ] [ INFO ] [org.springframework.boot.context.embedded.tomcat.TomcatEmbeddedServletContainer: 81] Tomcat initialized with port(s): 8080 (http) 
[2016-01-02 16:29:23] [ main ] [ INFO ] [org.apache.catalina.core.StandardService: 180] Starting service Tomcat 
[2016-01-02 16:29:23] [ main ] [ INFO ] [org.apache.catalina.core.StandardEngine: 180] Starting Servlet Engine: Apache Tomcat/8.0.30 
[2016-01-02 16:29:23] [ localhost-startStop-1 ] [ INFO ] [org.apache.catalina.core.ContainerBase.[Tomcat].[localhost].[/]: 180] Initializing Spring embedded WebApplicationContext 
[2016-01-02 16:29:23] [ localhost-startStop-1 ] [ INFO ] [org.springframework.web.context.ContextLoader: 272] Root WebApplicationContext: initialization completed in 4106 ms 
[2016-01-02 16:29:25] [ localhost-startStop-1 ] [ INFO ] [org.springframework.boot.context.embedded.ServletRegistrationBean: 189] Mapping servlet: 'dispatcherServlet' to [/] 
[2016-01-02 16:29:25] [ localhost-startStop-1 ] [ INFO ] [org.springframework.boot.context.embedded.FilterRegistrationBean: 258] Mapping filter: 'characterEncodingFilter' to: [/*] 
[2016-01-02 16:29:25] [ localhost-startStop-1 ] [ INFO ] [org.springframework.boot.context.embedded.FilterRegistrationBean: 258] Mapping filter: 'hiddenHttpMethodFilter' to: [/*] 
[2016-01-02 16:29:25] [ localhost-startStop-1 ] [ INFO ] [org.springframework.boot.context.embedded.FilterRegistrationBean: 258] Mapping filter: 'httpPutFormContentFilter' to: [/*] 
[2016-01-02 16:29:25] [ localhost-startStop-1 ] [ INFO ] [org.springframework.boot.context.embedded.FilterRegistrationBean: 258] Mapping filter: 'requestContextFilter' to: [/*] 
[2016-01-02 16:29:25] [ main ] [ INFO ] [org.springframework.orm.jpa.LocalContainerEntityManagerFactoryBean: 339] Building JPA container EntityManagerFactory for persistence unit 'default' 
[2016-01-02 16:29:25] [ main ] [ INFO ] [org.hibernate.jpa.internal.util.LogHelper: 46] HHH000204: Processing PersistenceUnitInfo [
	name: default
	...] 
[2016-01-02 16:29:25] [ main ] [ INFO ] [org.hibernate.Version: 54] HHH000412: Hibernate Core {4.3.11.Final} 
[2016-01-02 16:29:25] [ main ] [ INFO ] [org.hibernate.cfg.Environment: 239] HHH000206: hibernate.properties not found 
[2016-01-02 16:29:25] [ main ] [ INFO ] [org.hibernate.cfg.Environment: 346] HHH000021: Bytecode provider name : javassist 
[2016-01-02 16:29:26] [ main ] [ INFO ] [org.hibernate.annotations.common.Version: 66] HCANN000001: Hibernate Commons Annotations {4.0.5.Final} 
[2016-01-02 16:30:41] [ main ] [ ERROR] [org.apache.tomcat.jdbc.pool.ConnectionPool: 182] Unable to create initial connections of pool. 
com.mysql.jdbc.exceptions.jdbc4.CommunicationsException: Communications link failure

The last packet sent successfully to the server was 0 milliseconds ago. The driver has not received any packets from the server.
	at sun.reflect.NativeConstructorAccessorImpl.newInstance0(Native Method) ~[na:1.8.0_60]
	at sun.reflect.NativeConstructorAccessorImpl.newInstance(NativeConstructorAccessorImpl.java:62) ~[na:1.8.0_60]
	at sun.reflect.DelegatingConstructorAccessorImpl.newInstance(DelegatingConstructorAccessorImpl.java:45) ~[na:1.8.0_60]
	at java.lang.reflect.Constructor.newInstance(Constructor.java:422) ~[na:1.8.0_60]
	at com.mysql.jdbc.Util.handleNewInstance(Util.java:404) ~[mysql-connector-java-5.1.38.jar:5.1.38]
	at com.mysql.jdbc.SQLError.createCommunicationsException(SQLError.java:981) ~[mysql-connector-java-5.1.38.jar:5.1.38]
	at com.mysql.jdbc.MysqlIO.<init>(MysqlIO.java:339) ~[mysql-connector-java-5.1.38.jar:5.1.38]
	at com.mysql.jdbc.ConnectionImpl.coreConnect(ConnectionImpl.java:2253) ~[mysql-connector-java-5.1.38.jar:5.1.38]
	at com.mysql.jdbc.ConnectionImpl.connectOneTryOnly(ConnectionImpl.java:2286) ~[mysql-connector-java-5.1.38.jar:5.1.38]
	at com.mysql.jdbc.ConnectionImpl.createNewIO(ConnectionImpl.java:2085) ~[mysql-connector-java-5.1.38.jar:5.1.38]
	at com.mysql.jdbc.ConnectionImpl.<init>(ConnectionImpl.java:795) ~[mysql-connector-java-5.1.38.jar:5.1.38]
	at com.mysql.jdbc.JDBC4Connection.<init>(JDBC4Connection.java:44) ~[mysql-connector-java-5.1.38.jar:5.1.38]
	at sun.reflect.NativeConstructorAccessorImpl.newInstance0(Native Method) ~[na:1.8.0_60]
	at sun.reflect.NativeConstructorAccessorImpl.newInstance(NativeConstructorAccessorImpl.java:62) ~[na:1.8.0_60]
	at sun.reflect.DelegatingConstructorAccessorImpl.newInstance(DelegatingConstructorAccessorImpl.java:45) ~[na:1.8.0_60]
	at java.lang.reflect.Constructor.newInstance(Constructor.java:422) ~[na:1.8.0_60]
	at com.mysql.jdbc.Util.handleNewInstance(Util.java:404) ~[mysql-connector-java-5.1.38.jar:5.1.38]
	at com.mysql.jdbc.ConnectionImpl.getInstance(ConnectionImpl.java:400) ~[mysql-connector-java-5.1.38.jar:5.1.38]
	at com.mysql.jdbc.NonRegisteringDriver.connect(NonRegisteringDriver.java:327) ~[mysql-connector-java-5.1.38.jar:5.1.38]
	at org.apache.tomcat.jdbc.pool.PooledConnection.connectUsingDriver(PooledConnection.java:307) ~[tomcat-jdbc-8.0.30.jar:na]
	at org.apache.tomcat.jdbc.pool.PooledConnection.connect(PooledConnection.java:200) ~[tomcat-jdbc-8.0.30.jar:na]
	at org.apache.tomcat.jdbc.pool.ConnectionPool.createConnection(ConnectionPool.java:708) [tomcat-jdbc-8.0.30.jar:na]
	at org.apache.tomcat.jdbc.pool.ConnectionPool.borrowConnection(ConnectionPool.java:642) [tomcat-jdbc-8.0.30.jar:na]
	at org.apache.tomcat.jdbc.pool.ConnectionPool.init(ConnectionPool.java:464) [tomcat-jdbc-8.0.30.jar:na]
	at org.apache.tomcat.jdbc.pool.ConnectionPool.<init>(ConnectionPool.java:141) [tomcat-jdbc-8.0.30.jar:na]
	at org.apache.tomcat.jdbc.pool.DataSourceProxy.pCreatePool(DataSourceProxy.java:115) [tomcat-jdbc-8.0.30.jar:na]
	at org.apache.tomcat.jdbc.pool.DataSourceProxy.createPool(DataSourceProxy.java:102) [tomcat-jdbc-8.0.30.jar:na]
	at org.apache.tomcat.jdbc.pool.DataSourceProxy.getConnection(DataSourceProxy.java:126) [tomcat-jdbc-8.0.30.jar:na]
	at org.hibernate.engine.jdbc.connections.internal.DatasourceConnectionProviderImpl.getConnection(DatasourceConnectionProviderImpl.java:139) [hibernate-core-4.3.11.Final.jar:4.3.11.Final]
	at org.hibernate.engine.jdbc.internal.JdbcServicesImpl$ConnectionProviderJdbcConnectionAccess.obtainConnection(JdbcServicesImpl.java:279) [hibernate-core-4.3.11.Final.jar:4.3.11.Final]
	at org.hibernate.engine.jdbc.internal.JdbcServicesImpl.configure(JdbcServicesImpl.java:124) [hibernate-core-4.3.11.Final.jar:4.3.11.Final]
	at org.hibernate.boot.registry.internal.StandardServiceRegistryImpl.configureService(StandardServiceRegistryImpl.java:111) [hibernate-core-4.3.11.Final.jar:4.3.11.Final]
	at org.hibernate.service.internal.AbstractServiceRegistryImpl.initializeService(AbstractServiceRegistryImpl.java:234) [hibernate-core-4.3.11.Final.jar:4.3.11.Final]
	at org.hibernate.service.internal.AbstractServiceRegistryImpl.getService(AbstractServiceRegistryImpl.java:206) [hibernate-core-4.3.11.Final.jar:4.3.11.Final]
	at org.hibernate.cfg.Configuration.buildTypeRegistrations(Configuration.java:1887) [hibernate-core-4.3.11.Final.jar:4.3.11.Final]
	at org.hibernate.cfg.Configuration.buildSessionFactory(Configuration.java:1845) [hibernate-core-4.3.11.Final.jar:4.3.11.Final]
	at org.hibernate.jpa.boot.internal.EntityManagerFactoryBuilderImpl$4.perform(EntityManagerFactoryBuilderImpl.java:857) [hibernate-entitymanager-4.3.11.Final.jar:4.3.11.Final]
	at org.hibernate.jpa.boot.internal.EntityManagerFactoryBuilderImpl$4.perform(EntityManagerFactoryBuilderImpl.java:850) [hibernate-entitymanager-4.3.11.Final.jar:4.3.11.Final]
	at org.hibernate.boot.registry.classloading.internal.ClassLoaderServiceImpl.withTccl(ClassLoaderServiceImpl.java:425) [hibernate-core-4.3.11.Final.jar:4.3.11.Final]
	at org.hibernate.jpa.boot.internal.EntityManagerFactoryBuilderImpl.build(EntityManagerFactoryBuilderImpl.java:849) [hibernate-entitymanager-4.3.11.Final.jar:4.3.11.Final]
	at org.springframework.orm.jpa.vendor.SpringHibernateJpaPersistenceProvider.createContainerEntityManagerFactory(SpringHibernateJpaPersistenceProvider.java:60) [spring-orm-4.2.4.RELEASE.jar:4.2.4.RELEASE]
	at org.springframework.orm.jpa.LocalContainerEntityManagerFactoryBean.createNativeEntityManagerFactory(LocalContainerEntityManagerFactoryBean.java:343) [spring-orm-4.2.4.RELEASE.jar:4.2.4.RELEASE]
	at org.springframework.orm.jpa.AbstractEntityManagerFactoryBean.afterPropertiesSet(AbstractEntityManagerFactoryBean.java:318) [spring-orm-4.2.4.RELEASE.jar:4.2.4.RELEASE]
	at org.springframework.beans.factory.support.AbstractAutowireCapableBeanFactory.invokeInitMethods(AbstractAutowireCapableBeanFactory.java:1637) [spring-beans-4.2.4.RELEASE.jar:4.2.4.RELEASE]
	at org.springframework.beans.factory.support.AbstractAutowireCapableBeanFactory.initializeBean(AbstractAutowireCapableBeanFactory.java:1574) [spring-beans-4.2.4.RELEASE.jar:4.2.4.RELEASE]
	at org.springframework.beans.factory.support.AbstractAutowireCapableBeanFactory.doCreateBean(AbstractAutowireCapableBeanFactory.java:545) [spring-beans-4.2.4.RELEASE.jar:4.2.4.RELEASE]
	at org.springframework.beans.factory.support.AbstractAutowireCapableBeanFactory.createBean(AbstractAutowireCapableBeanFactory.java:482) [spring-beans-4.2.4.RELEASE.jar:4.2.4.RELEASE]
	at org.springframework.beans.factory.support.AbstractBeanFactory$1.getObject(AbstractBeanFactory.java:306) [spring-beans-4.2.4.RELEASE.jar:4.2.4.RELEASE]
	at org.springframework.beans.factory.support.DefaultSingletonBeanRegistry.getSingleton(DefaultSingletonBeanRegistry.java:230) [spring-beans-4.2.4.RELEASE.jar:4.2.4.RELEASE]
	at org.springframework.beans.factory.support.AbstractBeanFactory.doGetBean(AbstractBeanFactory.java:302) [spring-beans-4.2.4.RELEASE.jar:4.2.4.RELEASE]
	at org.springframework.beans.factory.support.AbstractBeanFactory.getBean(AbstractBeanFactory.java:197) [spring-beans-4.2.4.RELEASE.jar:4.2.4.RELEASE]
	at org.springframework.context.support.AbstractApplicationContext.getBean(AbstractApplicationContext.java:1054) [spring-context-4.2.4.RELEASE.jar:4.2.4.RELEASE]
	at org.springframework.context.support.AbstractApplicationContext.finishBeanFactoryInitialization(AbstractApplicationContext.java:829) [spring-context-4.2.4.RELEASE.jar:4.2.4.RELEASE]
	at org.springframework.context.support.AbstractApplicationContext.refresh(AbstractApplicationContext.java:538) [spring-context-4.2.4.RELEASE.jar:4.2.4.RELEASE]
	at org.springframework.boot.context.embedded.EmbeddedWebApplicationContext.refresh(EmbeddedWebApplicationContext.java:118) [spring-boot-1.3.1.RELEASE.jar:1.3.1.RELEASE]
	at org.springframework.boot.SpringApplication.refresh(SpringApplication.java:764) [spring-boot-1.3.1.RELEASE.jar:1.3.1.RELEASE]
	at org.springframework.boot.SpringApplication.doRun(SpringApplication.java:357) [spring-boot-1.3.1.RELEASE.jar:1.3.1.RELEASE]
	at org.springframework.boot.SpringApplication.run(SpringApplication.java:305) [spring-boot-1.3.1.RELEASE.jar:1.3.1.RELEASE]
	at org.springframework.boot.SpringApplication.run(SpringApplication.java:1124) [spring-boot-1.3.1.RELEASE.jar:1.3.1.RELEASE]
	at org.springframework.boot.SpringApplication.run(SpringApplication.java:1113) [spring-boot-1.3.1.RELEASE.jar:1.3.1.RELEASE]
	at com.umbrellary.Application.main(Application.java:15) [classes/:na]
	at sun.reflect.NativeMethodAccessorImpl.invoke0(Native Method) ~[na:1.8.0_60]
	at sun.reflect.NativeMethodAccessorImpl.invoke(NativeMethodAccessorImpl.java:62) ~[na:1.8.0_60]
	at sun.reflect.DelegatingMethodAccessorImpl.invoke(DelegatingMethodAccessorImpl.java:43) ~[na:1.8.0_60]
	at java.lang.reflect.Method.invoke(Method.java:497) ~[na:1.8.0_60]
	at com.intellij.rt.execution.application.AppMain.main(AppMain.java:144) [idea_rt.jar:na]
Caused by: java.net.ConnectException: Operation timed out
	at java.net.PlainSocketImpl.socketConnect(Native Method) ~[na:1.8.0_60]
	at java.net.AbstractPlainSocketImpl.doConnect(AbstractPlainSocketImpl.java:350) ~[na:1.8.0_60]
	at java.net.AbstractPlainSocketImpl.connectToAddress(AbstractPlainSocketImpl.java:206) ~[na:1.8.0_60]
	at java.net.AbstractPlainSocketImpl.connect(AbstractPlainSocketImpl.java:188) ~[na:1.8.0_60]
	at java.net.SocksSocketImpl.connect(SocksSocketImpl.java:392) ~[na:1.8.0_60]
	at java.net.Socket.connect(Socket.java:589) ~[na:1.8.0_60]
	at com.mysql.jdbc.StandardSocketFactory.connect(StandardSocketFactory.java:211) ~[mysql-connector-java-5.1.38.jar:5.1.38]
	at com.mysql.jdbc.MysqlIO.<init>(MysqlIO.java:298) ~[mysql-connector-java-5.1.38.jar:5.1.38]
	... 59 common frames omitted
[2016-01-02 16:30:41] [ main ] [ WARN ] [org.hibernate.engine.jdbc.internal.JdbcServicesImpl: 204] HHH000342: Could not obtain connection to query metadata : Communications link failure

The last packet sent successfully to the server was 0 milliseconds ago. The driver has not received any packets from the server. 
[2016-01-02 16:30:41] [ main ] [ INFO ] [org.hibernate.dialect.Dialect: 145] HHH000400: Using dialect: org.hibernate.dialect.MySQL5Dialect 
[2016-01-02 16:30:41] [ main ] [ INFO ] [org.hibernate.engine.jdbc.internal.LobCreatorBuilder: 88] HHH000422: Disabling contextual LOB creation as connection was null 
[2016-01-02 16:30:41] [ main ] [ INFO ] [org.hibernate.hql.internal.ast.ASTQueryTranslatorFactory: 47] HHH000397: Using ASTQueryTranslatorFactory 
[2016-01-02 16:30:42] [ main ] [ INFO ] [org.hibernate.tool.hbm2ddl.SchemaUpdate: 207] HHH000228: Running hbm2ddl schema update 
[2016-01-02 16:30:42] [ main ] [ INFO ] [org.hibernate.tool.hbm2ddl.SchemaUpdate: 218] HHH000102: Fetching database metadata 
[2016-01-02 16:38:18] [ main ] [ INFO ] [com.umbrellary.Application: 48] Starting Application on Zrui-MacBook-Pro.local with PID 7506 (/Users/Zrui/Github/SpringBoot/target/classes started by Zrui in /Users/Zrui/Github/SpringBoot) 
[2016-01-02 16:38:18] [ main ] [ INFO ] [com.umbrellary.Application: 664] No active profile set, falling back to default profiles: default 
[2016-01-02 16:38:18] [ main ] [ INFO ] [org.springframework.boot.context.embedded.AnnotationConfigEmbeddedWebApplicationContext: 578] Refreshing org.springframework.boot.context.embedded.AnnotationConfigEmbeddedWebApplicationContext@3b938003: startup date [Sat Jan 02 16:38:18 CST 2016]; root of context hierarchy 
[2016-01-02 16:38:18] [ pool-1-thread-1 ] [ INFO ] [org.hibernate.validator.internal.util.Version: 17] HV000001: Hibernate Validator 5.2.2.Final 
[2016-01-02 16:38:20] [ main ] [ INFO ] [org.springframework.context.support.PostProcessorRegistrationDelegate$BeanPostProcessorChecker: 328] Bean 'org.springframework.transaction.annotation.ProxyTransactionManagementConfiguration' of type [class org.springframework.transaction.annotation.ProxyTransactionManagementConfiguration$$EnhancerBySpringCGLIB$$e7317670] is not eligible for getting processed by all BeanPostProcessors (for example: not eligible for auto-proxying) 
[2016-01-02 16:38:21] [ main ] [ INFO ] [org.springframework.context.support.PostProcessorRegistrationDelegate$BeanPostProcessorChecker: 328] Bean 'redisConfig' of type [class com.umbrellary.config.RedisConfig$$EnhancerBySpringCGLIB$$db8c3a9c] is not eligible for getting processed by all BeanPostProcessors (for example: not eligible for auto-proxying) 
[2016-01-02 16:38:21] [ main ] [ INFO ] [org.springframework.context.support.PostProcessorRegistrationDelegate$BeanPostProcessorChecker: 328] Bean 'org.springframework.cache.annotation.ProxyCachingConfiguration' of type [class org.springframework.cache.annotation.ProxyCachingConfiguration$$EnhancerBySpringCGLIB$$4e8f40ce] is not eligible for getting processed by all BeanPostProcessors (for example: not eligible for auto-proxying) 
[2016-01-02 16:38:21] [ main ] [ INFO ] [org.springframework.boot.context.embedded.tomcat.TomcatEmbeddedServletContainer: 81] Tomcat initialized with port(s): 8080 (http) 
[2016-01-02 16:38:21] [ main ] [ INFO ] [org.apache.catalina.core.StandardService: 180] Starting service Tomcat 
[2016-01-02 16:38:21] [ main ] [ INFO ] [org.apache.catalina.core.StandardEngine: 180] Starting Servlet Engine: Apache Tomcat/8.0.30 
[2016-01-02 16:38:21] [ localhost-startStop-1 ] [ INFO ] [org.apache.catalina.core.ContainerBase.[Tomcat].[localhost].[/]: 180] Initializing Spring embedded WebApplicationContext 
[2016-01-02 16:38:21] [ localhost-startStop-1 ] [ INFO ] [org.springframework.web.context.ContextLoader: 272] Root WebApplicationContext: initialization completed in 3237 ms 
[2016-01-02 16:38:23] [ localhost-startStop-1 ] [ INFO ] [org.springframework.boot.context.embedded.ServletRegistrationBean: 189] Mapping servlet: 'dispatcherServlet' to [/] 
[2016-01-02 16:38:23] [ localhost-startStop-1 ] [ INFO ] [org.springframework.boot.context.embedded.FilterRegistrationBean: 258] Mapping filter: 'characterEncodingFilter' to: [/*] 
[2016-01-02 16:38:23] [ localhost-startStop-1 ] [ INFO ] [org.springframework.boot.context.embedded.FilterRegistrationBean: 258] Mapping filter: 'hiddenHttpMethodFilter' to: [/*] 
[2016-01-02 16:38:23] [ localhost-startStop-1 ] [ INFO ] [org.springframework.boot.context.embedded.FilterRegistrationBean: 258] Mapping filter: 'httpPutFormContentFilter' to: [/*] 
[2016-01-02 16:38:23] [ localhost-startStop-1 ] [ INFO ] [org.springframework.boot.context.embedded.FilterRegistrationBean: 258] Mapping filter: 'requestContextFilter' to: [/*] 
[2016-01-02 16:38:23] [ main ] [ INFO ] [org.springframework.orm.jpa.LocalContainerEntityManagerFactoryBean: 339] Building JPA container EntityManagerFactory for persistence unit 'default' 
[2016-01-02 16:38:23] [ main ] [ INFO ] [org.hibernate.jpa.internal.util.LogHelper: 46] HHH000204: Processing PersistenceUnitInfo [
	name: default
	...] 
[2016-01-02 16:38:23] [ main ] [ INFO ] [org.hibernate.Version: 54] HHH000412: Hibernate Core {4.3.11.Final} 
[2016-01-02 16:38:23] [ main ] [ INFO ] [org.hibernate.cfg.Environment: 239] HHH000206: hibernate.properties not found 
[2016-01-02 16:38:23] [ main ] [ INFO ] [org.hibernate.cfg.Environment: 346] HHH000021: Bytecode provider name : javassist 
[2016-01-02 16:38:24] [ main ] [ INFO ] [org.hibernate.annotations.common.Version: 66] HCANN000001: Hibernate Commons Annotations {4.0.5.Final} 
[2016-01-02 16:40:19] [ main ] [ INFO ] [org.hibernate.dialect.Dialect: 145] HHH000400: Using dialect: org.hibernate.dialect.MySQL5Dialect 
[2016-01-02 16:40:19] [ main ] [ INFO ] [org.hibernate.hql.internal.ast.ASTQueryTranslatorFactory: 47] HHH000397: Using ASTQueryTranslatorFactory 
[2016-01-02 16:40:19] [ main ] [ INFO ] [org.hibernate.tool.hbm2ddl.SchemaUpdate: 207] HHH000228: Running hbm2ddl schema update 
[2016-01-02 16:40:19] [ main ] [ INFO ] [org.hibernate.tool.hbm2ddl.SchemaUpdate: 218] HHH000102: Fetching database metadata 
[2016-01-02 16:40:19] [ main ] [ INFO ] [org.hibernate.tool.hbm2ddl.SchemaUpdate: 230] HHH000396: Updating schema 
[2016-01-02 16:40:20] [ main ] [ INFO ] [java.sql.DatabaseMetaData: 147] HHH000262: Table not found: home 
[2016-01-02 16:40:20] [ main ] [ INFO ] [java.sql.DatabaseMetaData: 147] HHH000262: Table not found: user 
[2016-01-02 16:40:20] [ main ] [ INFO ] [java.sql.DatabaseMetaData: 147] HHH000262: Table not found: home 
[2016-01-02 16:40:20] [ main ] [ INFO ] [java.sql.DatabaseMetaData: 147] HHH000262: Table not found: user 
[2016-01-02 16:40:20] [ main ] [ INFO ] [java.sql.DatabaseMetaData: 147] HHH000262: Table not found: home 
[2016-01-02 16:40:20] [ main ] [ INFO ] [java.sql.DatabaseMetaData: 147] HHH000262: Table not found: user 
[2016-01-02 16:40:20] [ main ] [ INFO ] [org.hibernate.tool.hbm2ddl.SchemaUpdate: 267] HHH000232: Schema update complete 
[2016-01-02 16:40:21] [ main ] [ INFO ] [org.springframework.web.servlet.mvc.method.annotation.RequestMappingHandlerAdapter: 532] Looking for @ControllerAdvice: org.springframework.boot.context.embedded.AnnotationConfigEmbeddedWebApplicationContext@3b938003: startup date [Sat Jan 02 16:38:18 CST 2016]; root of context hierarchy 
[2016-01-02 16:40:21] [ main ] [ INFO ] [org.springframework.web.servlet.mvc.method.annotation.RequestMappingHandlerMapping: 527] Mapped "{[/api2]}" onto public java.lang.String com.umbrellary.contoller.MainController.api2(java.lang.String,org.springframework.ui.Model) 
[2016-01-02 16:40:21] [ main ] [ INFO ] [org.springframework.web.servlet.mvc.method.annotation.RequestMappingHandlerMapping: 527] Mapped "{[/api3/{day}]}" onto public java.lang.String com.umbrellary.contoller.MainController.getForDay(java.lang.String,org.springframework.ui.Model) 
[2016-01-02 16:40:21] [ main ] [ INFO ] [org.springframework.web.servlet.mvc.method.annotation.RequestMappingHandlerMapping: 527] Mapped "{[/Login]}" onto public java.lang.String com.umbrellary.contoller.MainController.Login(java.lang.String,java.lang.String,org.springframework.ui.Model) 
[2016-01-02 16:40:21] [ main ] [ INFO ] [org.springframework.web.servlet.mvc.method.annotation.RequestMappingHandlerMapping: 527] Mapped "{[/api4]}" onto public java.lang.String com.umbrellary.contoller.MainController.api4() 
[2016-01-02 16:40:21] [ main ] [ INFO ] [org.springframework.web.servlet.mvc.method.annotation.RequestMappingHandlerMapping: 527] Mapped "{[/api5]}" onto public java.lang.String com.umbrellary.contoller.MainController.api5() 
[2016-01-02 16:40:21] [ main ] [ INFO ] [org.springframework.web.servlet.mvc.method.annotation.RequestMappingHandlerMapping: 527] Mapped "{[/api6]}" onto public java.lang.String com.umbrellary.contoller.MainController.api6() 
[2016-01-02 16:40:21] [ main ] [ INFO ] [org.springframework.web.servlet.mvc.method.annotation.RequestMappingHandlerMapping: 527] Mapped "{[/api7/{key}/{value}]}" onto public java.lang.String com.umbrellary.contoller.MainController.api7(java.lang.String,java.lang.String) 
[2016-01-02 16:40:21] [ main ] [ INFO ] [org.springframework.web.servlet.mvc.method.annotation.RequestMappingHandlerMapping: 527] Mapped "{[/api8]}" onto public java.lang.String com.umbrellary.contoller.MainController.api8() 
[2016-01-02 16:40:21] [ main ] [ INFO ] [org.springframework.web.servlet.mvc.method.annotation.RequestMappingHandlerMapping: 527] Mapped "{[/api9]}" onto public java.lang.String com.umbrellary.contoller.MainController.api9() 
[2016-01-02 16:40:21] [ main ] [ INFO ] [org.springframework.web.servlet.mvc.method.annotation.RequestMappingHandlerMapping: 527] Mapped "{[/api1]}" onto public java.lang.String com.umbrellary.contoller.MainController.api1(java.lang.String,org.springframework.ui.Model) 
[2016-01-02 16:40:21] [ main ] [ INFO ] [org.springframework.web.servlet.mvc.method.annotation.RequestMappingHandlerMapping: 527] Mapped "{[/error]}" onto public org.springframework.http.ResponseEntity<java.util.Map<java.lang.String, java.lang.Object>> org.springframework.boot.autoconfigure.web.BasicErrorController.error(javax.servlet.http.HttpServletRequest) 
[2016-01-02 16:40:21] [ main ] [ INFO ] [org.springframework.web.servlet.mvc.method.annotation.RequestMappingHandlerMapping: 527] Mapped "{[/error],produces=[text/html]}" onto public org.springframework.web.servlet.ModelAndView org.springframework.boot.autoconfigure.web.BasicErrorController.errorHtml(javax.servlet.http.HttpServletRequest,javax.servlet.http.HttpServletResponse) 
[2016-01-02 16:40:22] [ main ] [ INFO ] [org.springframework.web.servlet.handler.SimpleUrlHandlerMapping: 341] Mapped URL path [/webjars/**] onto handler of type [class org.springframework.web.servlet.resource.ResourceHttpRequestHandler] 
[2016-01-02 16:40:22] [ main ] [ INFO ] [org.springframework.web.servlet.handler.SimpleUrlHandlerMapping: 341] Mapped URL path [/**] onto handler of type [class org.springframework.web.servlet.resource.ResourceHttpRequestHandler] 
[2016-01-02 16:40:22] [ main ] [ INFO ] [org.springframework.web.servlet.handler.SimpleUrlHandlerMapping: 341] Mapped URL path [/**/favicon.ico] onto handler of type [class org.springframework.web.servlet.resource.ResourceHttpRequestHandler] 
[2016-01-02 16:40:22] [ main ] [ INFO ] [org.springframework.web.servlet.view.velocity.VelocityConfigurer: 140] ClasspathResourceLoader with name 'springMacro' added to configured VelocityEngine 
[2016-01-02 16:40:23] [ main ] [ INFO ] [org.springframework.jmx.export.annotation.AnnotationMBeanExporter: 431] Registering beans for JMX exposure on startup 
[2016-01-02 16:40:23] [ main ] [ INFO ] [org.apache.coyote.http11.Http11NioProtocol: 180] Initializing ProtocolHandler ["http-nio-8080"] 
[2016-01-02 16:40:23] [ main ] [ INFO ] [org.apache.coyote.http11.Http11NioProtocol: 180] Starting ProtocolHandler ["http-nio-8080"] 
[2016-01-02 16:40:23] [ main ] [ INFO ] [org.apache.tomcat.util.net.NioSelectorPool: 180] Using a shared selector for servlet write/read 
[2016-01-02 16:40:23] [ main ] [ INFO ] [org.springframework.boot.context.embedded.tomcat.TomcatEmbeddedServletContainer: 162] Tomcat started on port(s): 8080 (http) 
[2016-01-02 16:40:23] [ main ] [ INFO ] [com.umbrellary.Application: 57] Started Application in 125.495 seconds (JVM running for 126.871) 
[2016-01-02 16:40:58] [ http-nio-8080-exec-1 ] [ INFO ] [org.apache.catalina.core.ContainerBase.[Tomcat].[localhost].[/]: 180] Initializing Spring FrameworkServlet 'dispatcherServlet' 
[2016-01-02 16:40:58] [ http-nio-8080-exec-1 ] [ INFO ] [org.springframework.web.servlet.DispatcherServlet: 489] FrameworkServlet 'dispatcherServlet': initialization started 
[2016-01-02 16:40:58] [ http-nio-8080-exec-1 ] [ INFO ] [org.springframework.web.servlet.DispatcherServlet: 508] FrameworkServlet 'dispatcherServlet': initialization completed in 27 ms 
[2016-01-02 16:43:27] [ Thread-5 ] [ INFO ] [org.springframework.boot.context.embedded.AnnotationConfigEmbeddedWebApplicationContext: 960] Closing org.springframework.boot.context.embedded.AnnotationConfigEmbeddedWebApplicationContext@3b938003: startup date [Sat Jan 02 16:38:18 CST 2016]; root of context hierarchy 
[2016-01-02 16:43:27] [ Thread-5 ] [ INFO ] [org.springframework.jmx.export.annotation.AnnotationMBeanExporter: 449] Unregistering JMX-exposed beans on shutdown 
[2016-01-02 16:43:27] [ Thread-5 ] [ INFO ] [org.springframework.orm.jpa.LocalContainerEntityManagerFactoryBean: 462] Closing JPA EntityManagerFactory for persistence unit 'default' 
[2016-01-02 16:43:30] [ main ] [ INFO ] [com.umbrellary.Application: 48] Starting Application on Zrui-MacBook-Pro.local with PID 7548 (/Users/Zrui/Github/SpringBoot/target/classes started by Zrui in /Users/Zrui/Github/SpringBoot) 
[2016-01-02 16:43:30] [ main ] [ INFO ] [com.umbrellary.Application: 664] No active profile set, falling back to default profiles: default 
[2016-01-02 16:43:30] [ main ] [ INFO ] [org.springframework.boot.context.embedded.AnnotationConfigEmbeddedWebApplicationContext: 578] Refreshing org.springframework.boot.context.embedded.AnnotationConfigEmbeddedWebApplicationContext@3b938003: startup date [Sat Jan 02 16:43:30 CST 2016]; root of context hierarchy 
[2016-01-02 16:43:31] [ pool-1-thread-1 ] [ INFO ] [org.hibernate.validator.internal.util.Version: 17] HV000001: Hibernate Validator 5.2.2.Final 
[2016-01-02 16:43:33] [ main ] [ INFO ] [org.springframework.context.support.PostProcessorRegistrationDelegate$BeanPostProcessorChecker: 328] Bean 'org.springframework.transaction.annotation.ProxyTransactionManagementConfiguration' of type [class org.springframework.transaction.annotation.ProxyTransactionManagementConfiguration$$EnhancerBySpringCGLIB$$e7317670] is not eligible for getting processed by all BeanPostProcessors (for example: not eligible for auto-proxying) 
[2016-01-02 16:43:33] [ main ] [ INFO ] [org.springframework.context.support.PostProcessorRegistrationDelegate$BeanPostProcessorChecker: 328] Bean 'redisConfig' of type [class com.umbrellary.config.RedisConfig$$EnhancerBySpringCGLIB$$db8c3a9c] is not eligible for getting processed by all BeanPostProcessors (for example: not eligible for auto-proxying) 
[2016-01-02 16:43:33] [ main ] [ INFO ] [org.springframework.context.support.PostProcessorRegistrationDelegate$BeanPostProcessorChecker: 328] Bean 'org.springframework.cache.annotation.ProxyCachingConfiguration' of type [class org.springframework.cache.annotation.ProxyCachingConfiguration$$EnhancerBySpringCGLIB$$4e8f40ce] is not eligible for getting processed by all BeanPostProcessors (for example: not eligible for auto-proxying) 
[2016-01-02 16:43:34] [ main ] [ INFO ] [org.springframework.boot.context.embedded.tomcat.TomcatEmbeddedServletContainer: 81] Tomcat initialized with port(s): 8080 (http) 
[2016-01-02 16:43:34] [ main ] [ INFO ] [org.apache.catalina.core.StandardService: 180] Starting service Tomcat 
[2016-01-02 16:43:34] [ main ] [ INFO ] [org.apache.catalina.core.StandardEngine: 180] Starting Servlet Engine: Apache Tomcat/8.0.30 
[2016-01-02 16:43:34] [ localhost-startStop-1 ] [ INFO ] [org.apache.catalina.core.ContainerBase.[Tomcat].[localhost].[/]: 180] Initializing Spring embedded WebApplicationContext 
[2016-01-02 16:43:34] [ localhost-startStop-1 ] [ INFO ] [org.springframework.web.context.ContextLoader: 272] Root WebApplicationContext: initialization completed in 3440 ms 
[2016-01-02 16:43:35] [ localhost-startStop-1 ] [ INFO ] [org.springframework.boot.context.embedded.ServletRegistrationBean: 189] Mapping servlet: 'dispatcherServlet' to [/] 
[2016-01-02 16:43:35] [ localhost-startStop-1 ] [ INFO ] [org.springframework.boot.context.embedded.FilterRegistrationBean: 258] Mapping filter: 'characterEncodingFilter' to: [/*] 
[2016-01-02 16:43:35] [ localhost-startStop-1 ] [ INFO ] [org.springframework.boot.context.embedded.FilterRegistrationBean: 258] Mapping filter: 'hiddenHttpMethodFilter' to: [/*] 
[2016-01-02 16:43:35] [ localhost-startStop-1 ] [ INFO ] [org.springframework.boot.context.embedded.FilterRegistrationBean: 258] Mapping filter: 'httpPutFormContentFilter' to: [/*] 
[2016-01-02 16:43:35] [ localhost-startStop-1 ] [ INFO ] [org.springframework.boot.context.embedded.FilterRegistrationBean: 258] Mapping filter: 'requestContextFilter' to: [/*] 
[2016-01-02 16:43:35] [ main ] [ INFO ] [org.springframework.orm.jpa.LocalContainerEntityManagerFactoryBean: 339] Building JPA container EntityManagerFactory for persistence unit 'default' 
[2016-01-02 16:43:35] [ main ] [ INFO ] [org.hibernate.jpa.internal.util.LogHelper: 46] HHH000204: Processing PersistenceUnitInfo [
	name: default
	...] 
[2016-01-02 16:43:36] [ main ] [ INFO ] [org.hibernate.Version: 54] HHH000412: Hibernate Core {4.3.11.Final} 
[2016-01-02 16:43:36] [ main ] [ INFO ] [org.hibernate.cfg.Environment: 239] HHH000206: hibernate.properties not found 
[2016-01-02 16:43:36] [ main ] [ INFO ] [org.hibernate.cfg.Environment: 346] HHH000021: Bytecode provider name : javassist 
[2016-01-02 16:43:36] [ main ] [ INFO ] [org.hibernate.annotations.common.Version: 66] HCANN000001: Hibernate Commons Annotations {4.0.5.Final} 
[2016-01-02 16:45:02] [ main ] [ INFO ] [org.hibernate.dialect.Dialect: 145] HHH000400: Using dialect: org.hibernate.dialect.MySQL5Dialect 
[2016-01-02 16:45:02] [ main ] [ INFO ] [org.hibernate.hql.internal.ast.ASTQueryTranslatorFactory: 47] HHH000397: Using ASTQueryTranslatorFactory 
[2016-01-02 16:45:03] [ main ] [ INFO ] [org.hibernate.tool.hbm2ddl.SchemaUpdate: 207] HHH000228: Running hbm2ddl schema update 
[2016-01-02 16:45:03] [ main ] [ INFO ] [org.hibernate.tool.hbm2ddl.SchemaUpdate: 218] HHH000102: Fetching database metadata 
[2016-01-02 16:45:03] [ main ] [ INFO ] [org.hibernate.tool.hbm2ddl.SchemaUpdate: 230] HHH000396: Updating schema 
[2016-01-02 16:45:03] [ main ] [ INFO ] [org.hibernate.tool.hbm2ddl.TableMetadata: 65] HHH000261: Table found: spring.home 
[2016-01-02 16:45:03] [ main ] [ INFO ] [org.hibernate.tool.hbm2ddl.TableMetadata: 66] HHH000037: Columns: [number, address, id] 
[2016-01-02 16:45:03] [ main ] [ INFO ] [org.hibernate.tool.hbm2ddl.TableMetadata: 68] HHH000108: Foreign keys: [] 
[2016-01-02 16:45:03] [ main ] [ INFO ] [org.hibernate.tool.hbm2ddl.TableMetadata: 69] HHH000126: Indexes: [primary] 
[2016-01-02 16:45:05] [ main ] [ INFO ] [org.hibernate.tool.hbm2ddl.TableMetadata: 65] HHH000261: Table found: spring.user 
[2016-01-02 16:45:05] [ main ] [ INFO ] [org.hibernate.tool.hbm2ddl.TableMetadata: 66] HHH000037: Columns: [password, name, id, email] 
[2016-01-02 16:45:05] [ main ] [ INFO ] [org.hibernate.tool.hbm2ddl.TableMetadata: 68] HHH000108: Foreign keys: [] 
[2016-01-02 16:45:05] [ main ] [ INFO ] [org.hibernate.tool.hbm2ddl.TableMetadata: 69] HHH000126: Indexes: [primary] 
[2016-01-02 16:45:05] [ main ] [ INFO ] [org.hibernate.tool.hbm2ddl.SchemaUpdate: 267] HHH000232: Schema update complete 
[2016-01-02 16:45:06] [ main ] [ INFO ] [org.springframework.web.servlet.mvc.method.annotation.RequestMappingHandlerAdapter: 532] Looking for @ControllerAdvice: org.springframework.boot.context.embedded.AnnotationConfigEmbeddedWebApplicationContext@3b938003: startup date [Sat Jan 02 16:43:30 CST 2016]; root of context hierarchy 
[2016-01-02 16:45:06] [ main ] [ INFO ] [org.springframework.web.servlet.mvc.method.annotation.RequestMappingHandlerMapping: 527] Mapped "{[/api2]}" onto public java.lang.String com.umbrellary.contoller.MainController.api2(java.lang.String,org.springframework.ui.Model) 
[2016-01-02 16:45:06] [ main ] [ INFO ] [org.springframework.web.servlet.mvc.method.annotation.RequestMappingHandlerMapping: 527] Mapped "{[/api1]}" onto public java.lang.String com.umbrellary.contoller.MainController.api1(java.lang.String,org.springframework.ui.Model) 
[2016-01-02 16:45:06] [ main ] [ INFO ] [org.springframework.web.servlet.mvc.method.annotation.RequestMappingHandlerMapping: 527] Mapped "{[/api3/{day}]}" onto public java.lang.String com.umbrellary.contoller.MainController.getForDay(java.lang.String,org.springframework.ui.Model) 
[2016-01-02 16:45:06] [ main ] [ INFO ] [org.springframework.web.servlet.mvc.method.annotation.RequestMappingHandlerMapping: 527] Mapped "{[/Login]}" onto public java.lang.String com.umbrellary.contoller.MainController.Login(java.lang.String,java.lang.String,org.springframework.ui.Model) 
[2016-01-02 16:45:06] [ main ] [ INFO ] [org.springframework.web.servlet.mvc.method.annotation.RequestMappingHandlerMapping: 527] Mapped "{[/api4]}" onto public java.lang.String com.umbrellary.contoller.MainController.api4() 
[2016-01-02 16:45:06] [ main ] [ INFO ] [org.springframework.web.servlet.mvc.method.annotation.RequestMappingHandlerMapping: 527] Mapped "{[/api5]}" onto public java.lang.String com.umbrellary.contoller.MainController.api5() 
[2016-01-02 16:45:06] [ main ] [ INFO ] [org.springframework.web.servlet.mvc.method.annotation.RequestMappingHandlerMapping: 527] Mapped "{[/api6]}" onto public java.lang.String com.umbrellary.contoller.MainController.api6() 
[2016-01-02 16:45:06] [ main ] [ INFO ] [org.springframework.web.servlet.mvc.method.annotation.RequestMappingHandlerMapping: 527] Mapped "{[/api7/{key}/{value}]}" onto public java.lang.String com.umbrellary.contoller.MainController.api7(java.lang.String,java.lang.String) 
[2016-01-02 16:45:06] [ main ] [ INFO ] [org.springframework.web.servlet.mvc.method.annotation.RequestMappingHandlerMapping: 527] Mapped "{[/api8]}" onto public java.lang.String com.umbrellary.contoller.MainController.api8() 
[2016-01-02 16:45:06] [ main ] [ INFO ] [org.springframework.web.servlet.mvc.method.annotation.RequestMappingHandlerMapping: 527] Mapped "{[/api9]}" onto public java.lang.String com.umbrellary.contoller.MainController.api9() 
[2016-01-02 16:45:06] [ main ] [ INFO ] [org.springframework.web.servlet.mvc.method.annotation.RequestMappingHandlerMapping: 527] Mapped "{[/error]}" onto public org.springframework.http.ResponseEntity<java.util.Map<java.lang.String, java.lang.Object>> org.springframework.boot.autoconfigure.web.BasicErrorController.error(javax.servlet.http.HttpServletRequest) 
[2016-01-02 16:45:06] [ main ] [ INFO ] [org.springframework.web.servlet.mvc.method.annotation.RequestMappingHandlerMapping: 527] Mapped "{[/error],produces=[text/html]}" onto public org.springframework.web.servlet.ModelAndView org.springframework.boot.autoconfigure.web.BasicErrorController.errorHtml(javax.servlet.http.HttpServletRequest,javax.servlet.http.HttpServletResponse) 
[2016-01-02 16:45:06] [ main ] [ INFO ] [org.springframework.web.servlet.handler.SimpleUrlHandlerMapping: 341] Mapped URL path [/webjars/**] onto handler of type [class org.springframework.web.servlet.resource.ResourceHttpRequestHandler] 
[2016-01-02 16:45:06] [ main ] [ INFO ] [org.springframework.web.servlet.handler.SimpleUrlHandlerMapping: 341] Mapped URL path [/**] onto handler of type [class org.springframework.web.servlet.resource.ResourceHttpRequestHandler] 
[2016-01-02 16:45:06] [ main ] [ INFO ] [org.springframework.web.servlet.handler.SimpleUrlHandlerMapping: 341] Mapped URL path [/**/favicon.ico] onto handler of type [class org.springframework.web.servlet.resource.ResourceHttpRequestHandler] 
[2016-01-02 16:45:07] [ main ] [ INFO ] [org.springframework.web.servlet.view.velocity.VelocityConfigurer: 140] ClasspathResourceLoader with name 'springMacro' added to configured VelocityEngine 
[2016-01-02 16:45:07] [ main ] [ INFO ] [org.springframework.jmx.export.annotation.AnnotationMBeanExporter: 431] Registering beans for JMX exposure on startup 
[2016-01-02 16:45:07] [ main ] [ INFO ] [org.apache.coyote.http11.Http11NioProtocol: 180] Initializing ProtocolHandler ["http-nio-8080"] 
[2016-01-02 16:45:07] [ main ] [ INFO ] [org.apache.coyote.http11.Http11NioProtocol: 180] Starting ProtocolHandler ["http-nio-8080"] 
[2016-01-02 16:45:07] [ main ] [ INFO ] [org.apache.tomcat.util.net.NioSelectorPool: 180] Using a shared selector for servlet write/read 
[2016-01-02 16:45:07] [ main ] [ INFO ] [org.springframework.boot.context.embedded.tomcat.TomcatEmbeddedServletContainer: 162] Tomcat started on port(s): 8080 (http) 
[2016-01-02 16:45:07] [ main ] [ INFO ] [com.umbrellary.Application: 57] Started Application in 98.03 seconds (JVM running for 99.39) 
[2016-01-02 16:45:19] [ http-nio-8080-exec-1 ] [ INFO ] [org.apache.catalina.core.ContainerBase.[Tomcat].[localhost].[/]: 180] Initializing Spring FrameworkServlet 'dispatcherServlet' 
[2016-01-02 16:45:19] [ http-nio-8080-exec-1 ] [ INFO ] [org.springframework.web.servlet.DispatcherServlet: 489] FrameworkServlet 'dispatcherServlet': initialization started 
[2016-01-02 16:45:19] [ http-nio-8080-exec-1 ] [ INFO ] [org.springframework.web.servlet.DispatcherServlet: 508] FrameworkServlet 'dispatcherServlet': initialization completed in 25 ms 
[2016-01-02 16:45:56] [ Thread-5 ] [ INFO ] [org.springframework.boot.context.embedded.AnnotationConfigEmbeddedWebApplicationContext: 960] Closing org.springframework.boot.context.embedded.AnnotationConfigEmbeddedWebApplicationContext@3b938003: startup date [Sat Jan 02 16:43:30 CST 2016]; root of context hierarchy 
[2016-01-02 16:45:56] [ Thread-5 ] [ INFO ] [org.springframework.jmx.export.annotation.AnnotationMBeanExporter: 449] Unregistering JMX-exposed beans on shutdown 
[2016-01-02 16:45:56] [ Thread-5 ] [ INFO ] [org.springframework.orm.jpa.LocalContainerEntityManagerFactoryBean: 462] Closing JPA EntityManagerFactory for persistence unit 'default' 
