[2016-04-02 22:38:43] [ main ] [ INFO ] [com.umbrellary.Application: 48] Starting Application on HarryMacBookPro.lan with PID 1238 (/Users/Harry/Github/springboot/target/classes started by Harry in /Users/Harry/Github/springboot) 
[2016-04-02 22:38:43] [ main ] [ INFO ] [com.umbrellary.Application: 666] No active profile set, falling back to default profiles: default 
[2016-04-02 22:39:01] [ main ] [ INFO ] [com.umbrellary.Application: 48] Starting Application on HarryMacBookPro.lan with PID 1247 (/Users/Harry/Github/springboot/target/classes started by Harry in /Users/Harry/Github/springboot) 
[2016-04-02 22:39:01] [ main ] [ INFO ] [com.umbrellary.Application: 666] No active profile set, falling back to default profiles: default 
[2016-04-02 22:39:01] [ main ] [ INFO ] [org.springframework.boot.context.embedded.AnnotationConfigEmbeddedWebApplicationContext: 578] Refreshing org.springframework.boot.context.embedded.AnnotationConfigEmbeddedWebApplicationContext@3c153a1: startup date [Sat Apr 02 22:39:01 CST 2016]; root of context hierarchy 
[2016-04-02 22:39:01] [ background-preinit ] [ INFO ] [org.hibernate.validator.internal.util.Version: 30] HV000001: Hibernate Validator 5.2.4.Final 
[2016-04-02 22:39:03] [ main ] [ INFO ] [org.springframework.context.support.PostProcessorRegistrationDelegate$BeanPostProcessorChecker: 328] Bean 'org.springframework.transaction.annotation.ProxyTransactionManagementConfiguration' of type [class org.springframework.transaction.annotation.ProxyTransactionManagementConfiguration$$EnhancerBySpringCGLIB$$db3368e6] is not eligible for getting processed by all BeanPostProcessors (for example: not eligible for auto-proxying) 
[2016-04-02 22:39:03] [ main ] [ WARN ] [org.springframework.boot.context.embedded.AnnotationConfigEmbeddedWebApplicationContext: 546] Exception encountered during context initialization - cancelling refresh attempt: org.springframework.beans.factory.BeanCreationException: Error creating bean with name 'embeddedServletContainerCustomizerBeanPostProcessor': BeanPostProcessor before instantiation of bean failed; nested exception is org.springframework.beans.factory.BeanCreationException: Error creating bean with name 'org.springframework.cache.annotation.ProxyCachingConfiguration': Injection of autowired dependencies failed; nested exception is org.springframework.beans.factory.BeanCreationException: Could not autowire method: void org.springframework.cache.annotation.AbstractCachingConfiguration.setConfigurers(java.util.Collection); nested exception is org.springframework.beans.factory.BeanCreationException: Error creating bean with name 'redisConfig': Injection of autowired dependencies failed; nested exception is org.springframework.beans.factory.BeanCreationException: Could not autowire field: private java.lang.String com.umbrellary.config.RedisConfig.host; nested exception is java.lang.IllegalArgumentException: Could not resolve placeholder 'spring.redis.host' in string value "${spring.redis.host}" 
[2016-04-02 22:39:03] [ main ] [ ERROR] [org.springframework.boot.SpringApplication: 827] Application startup failed 
org.springframework.beans.factory.BeanCreationException: Error creating bean with name 'embeddedServletContainerCustomizerBeanPostProcessor': BeanPostProcessor before instantiation of bean failed; nested exception is org.springframework.beans.factory.BeanCreationException: Error creating bean with name 'org.springframework.cache.annotation.ProxyCachingConfiguration': Injection of autowired dependencies failed; nested exception is org.springframework.beans.factory.BeanCreationException: Could not autowire method: void org.springframework.cache.annotation.AbstractCachingConfiguration.setConfigurers(java.util.Collection); nested exception is org.springframework.beans.factory.BeanCreationException: Error creating bean with name 'redisConfig': Injection of autowired dependencies failed; nested exception is org.springframework.beans.factory.BeanCreationException: Could not autowire field: private java.lang.String com.umbrellary.config.RedisConfig.host; nested exception is java.lang.IllegalArgumentException: Could not resolve placeholder 'spring.redis.host' in string value "${spring.redis.host}"
	at org.springframework.beans.factory.support.AbstractAutowireCapableBeanFactory.createBean(AbstractAutowireCapableBeanFactory.java:478)
	at org.springframework.beans.factory.support.AbstractBeanFactory$1.getObject(AbstractBeanFactory.java:306)
	at org.springframework.beans.factory.support.DefaultSingletonBeanRegistry.getSingleton(DefaultSingletonBeanRegistry.java:230)
	at org.springframework.beans.factory.support.AbstractBeanFactory.doGetBean(AbstractBeanFactory.java:302)
	at org.springframework.beans.factory.support.AbstractBeanFactory.getBean(AbstractBeanFactory.java:202)
	at org.springframework.context.support.PostProcessorRegistrationDelegate.registerBeanPostProcessors(PostProcessorRegistrationDelegate.java:240)
	at org.springframework.context.support.AbstractApplicationContext.registerBeanPostProcessors(AbstractApplicationContext.java:687)
	at org.springframework.context.support.AbstractApplicationContext.refresh(AbstractApplicationContext.java:523)
	at org.springframework.boot.context.embedded.EmbeddedWebApplicationContext.refresh(EmbeddedWebApplicationContext.java:118)
	at org.springframework.boot.SpringApplication.refresh(SpringApplication.java:766)
	at org.springframework.boot.SpringApplication.createAndRefreshContext(SpringApplication.java:361)
	at org.springframework.boot.SpringApplication.run(SpringApplication.java:307)
	at org.springframework.boot.SpringApplication.run(SpringApplication.java:1191)
	at org.springframework.boot.SpringApplication.run(SpringApplication.java:1180)
	at com.umbrellary.Application.main(Application.java:15)
	at sun.reflect.NativeMethodAccessorImpl.invoke0(Native Method)
	at sun.reflect.NativeMethodAccessorImpl.invoke(NativeMethodAccessorImpl.java:62)
	at sun.reflect.DelegatingMethodAccessorImpl.invoke(DelegatingMethodAccessorImpl.java:43)
	at java.lang.reflect.Method.invoke(Method.java:497)
	at com.intellij.rt.execution.application.AppMain.main(AppMain.java:144)
Caused by: org.springframework.beans.factory.BeanCreationException: Error creating bean with name 'org.springframework.cache.annotation.ProxyCachingConfiguration': Injection of autowired dependencies failed; nested exception is org.springframework.beans.factory.BeanCreationException: Could not autowire method: void org.springframework.cache.annotation.AbstractCachingConfiguration.setConfigurers(java.util.Collection); nested exception is org.springframework.beans.factory.BeanCreationException: Error creating bean with name 'redisConfig': Injection of autowired dependencies failed; nested exception is org.springframework.beans.factory.BeanCreationException: Could not autowire field: private java.lang.String com.umbrellary.config.RedisConfig.host; nested exception is java.lang.IllegalArgumentException: Could not resolve placeholder 'spring.redis.host' in string value "${spring.redis.host}"
	at org.springframework.beans.factory.annotation.AutowiredAnnotationBeanPostProcessor.postProcessPropertyValues(AutowiredAnnotationBeanPostProcessor.java:334)
	at org.springframework.beans.factory.support.AbstractAutowireCapableBeanFactory.populateBean(AbstractAutowireCapableBeanFactory.java:1214)
	at org.springframework.beans.factory.support.AbstractAutowireCapableBeanFactory.doCreateBean(AbstractAutowireCapableBeanFactory.java:543)
	at org.springframework.beans.factory.support.AbstractAutowireCapableBeanFactory.createBean(AbstractAutowireCapableBeanFactory.java:482)
	at org.springframework.beans.factory.support.AbstractBeanFactory$1.getObject(AbstractBeanFactory.java:306)
	at org.springframework.beans.factory.support.DefaultSingletonBeanRegistry.getSingleton(DefaultSingletonBeanRegistry.java:230)
	at org.springframework.beans.factory.support.AbstractBeanFactory.doGetBean(AbstractBeanFactory.java:302)
	at org.springframework.beans.factory.support.AbstractBeanFactory.getBean(AbstractBeanFactory.java:197)
	at org.springframework.beans.factory.support.ConstructorResolver.instantiateUsingFactoryMethod(ConstructorResolver.java:368)
	at org.springframework.beans.factory.support.AbstractAutowireCapableBeanFactory.instantiateUsingFactoryMethod(AbstractAutowireCapableBeanFactory.java:1123)
	at org.springframework.beans.factory.support.AbstractAutowireCapableBeanFactory.createBeanInstance(AbstractAutowireCapableBeanFactory.java:1018)
	at org.springframework.beans.factory.support.AbstractAutowireCapableBeanFactory.doCreateBean(AbstractAutowireCapableBeanFactory.java:510)
	at org.springframework.beans.factory.support.AbstractAutowireCapableBeanFactory.createBean(AbstractAutowireCapableBeanFactory.java:482)
	at org.springframework.beans.factory.support.AbstractBeanFactory$1.getObject(AbstractBeanFactory.java:306)
	at org.springframework.beans.factory.support.DefaultSingletonBeanRegistry.getSingleton(DefaultSingletonBeanRegistry.java:230)
	at org.springframework.beans.factory.support.AbstractBeanFactory.doGetBean(AbstractBeanFactory.java:302)
	at org.springframework.beans.factory.support.AbstractBeanFactory.getBean(AbstractBeanFactory.java:202)
	at org.springframework.aop.framework.autoproxy.BeanFactoryAdvisorRetrievalHelper.findAdvisorBeans(BeanFactoryAdvisorRetrievalHelper.java:92)
	at org.springframework.aop.framework.autoproxy.AbstractAdvisorAutoProxyCreator.findCandidateAdvisors(AbstractAdvisorAutoProxyCreator.java:101)
	at org.springframework.aop.aspectj.annotation.AnnotationAwareAspectJAutoProxyCreator.findCandidateAdvisors(AnnotationAwareAspectJAutoProxyCreator.java:85)
	at org.springframework.aop.aspectj.autoproxy.AspectJAwareAdvisorAutoProxyCreator.shouldSkip(AspectJAwareAdvisorAutoProxyCreator.java:103)
	at org.springframework.aop.framework.autoproxy.AbstractAutoProxyCreator.postProcessBeforeInstantiation(AbstractAutoProxyCreator.java:248)
	at org.springframework.beans.factory.support.AbstractAutowireCapableBeanFactory.applyBeanPostProcessorsBeforeInstantiation(AbstractAutowireCapableBeanFactory.java:988)
	at org.springframework.beans.factory.support.AbstractAutowireCapableBeanFactory.resolveBeforeInstantiation(AbstractAutowireCapableBeanFactory.java:959)
	at org.springframework.beans.factory.support.AbstractAutowireCapableBeanFactory.createBean(AbstractAutowireCapableBeanFactory.java:472)
	... 19 common frames omitted
Caused by: org.springframework.beans.factory.BeanCreationException: Could not autowire method: void org.springframework.cache.annotation.AbstractCachingConfiguration.setConfigurers(java.util.Collection); nested exception is org.springframework.beans.factory.BeanCreationException: Error creating bean with name 'redisConfig': Injection of autowired dependencies failed; nested exception is org.springframework.beans.factory.BeanCreationException: Could not autowire field: private java.lang.String com.umbrellary.config.RedisConfig.host; nested exception is java.lang.IllegalArgumentException: Could not resolve placeholder 'spring.redis.host' in string value "${spring.redis.host}"
	at org.springframework.beans.factory.annotation.AutowiredAnnotationBeanPostProcessor$AutowiredMethodElement.inject(AutowiredAnnotationBeanPostProcessor.java:661)
	at org.springframework.beans.factory.annotation.InjectionMetadata.inject(InjectionMetadata.java:88)
	at org.springframework.beans.factory.annotation.AutowiredAnnotationBeanPostProcessor.postProcessPropertyValues(AutowiredAnnotationBeanPostProcessor.java:331)
	... 43 common frames omitted
Caused by: org.springframework.beans.factory.BeanCreationException: Error creating bean with name 'redisConfig': Injection of autowired dependencies failed; nested exception is org.springframework.beans.factory.BeanCreationException: Could not autowire field: private java.lang.String com.umbrellary.config.RedisConfig.host; nested exception is java.lang.IllegalArgumentException: Could not resolve placeholder 'spring.redis.host' in string value "${spring.redis.host}"
	at org.springframework.beans.factory.annotation.AutowiredAnnotationBeanPostProcessor.postProcessPropertyValues(AutowiredAnnotationBeanPostProcessor.java:334)
	at org.springframework.beans.factory.support.AbstractAutowireCapableBeanFactory.populateBean(AbstractAutowireCapableBeanFactory.java:1214)
	at org.springframework.beans.factory.support.AbstractAutowireCapableBeanFactory.doCreateBean(AbstractAutowireCapableBeanFactory.java:543)
	at org.springframework.beans.factory.support.AbstractAutowireCapableBeanFactory.createBean(AbstractAutowireCapableBeanFactory.java:482)
	at org.springframework.beans.factory.support.AbstractBeanFactory$1.getObject(AbstractBeanFactory.java:306)
	at org.springframework.beans.factory.support.DefaultSingletonBeanRegistry.getSingleton(DefaultSingletonBeanRegistry.java:230)
	at org.springframework.beans.factory.support.AbstractBeanFactory.doGetBean(AbstractBeanFactory.java:302)
	at org.springframework.beans.factory.support.AbstractBeanFactory.getBean(AbstractBeanFactory.java:197)
	at org.springframework.beans.factory.support.DefaultListableBeanFactory.findAutowireCandidates(DefaultListableBeanFactory.java:1192)
	at org.springframework.beans.factory.support.DefaultListableBeanFactory.doResolveDependency(DefaultListableBeanFactory.java:1068)
	at org.springframework.beans.factory.support.DefaultListableBeanFactory.resolveDependency(DefaultListableBeanFactory.java:1014)
	at org.springframework.beans.factory.annotation.AutowiredAnnotationBeanPostProcessor$AutowiredMethodElement.inject(AutowiredAnnotationBeanPostProcessor.java:618)
	... 45 common frames omitted
Caused by: org.springframework.beans.factory.BeanCreationException: Could not autowire field: private java.lang.String com.umbrellary.config.RedisConfig.host; nested exception is java.lang.IllegalArgumentException: Could not resolve placeholder 'spring.redis.host' in string value "${spring.redis.host}"
	at org.springframework.beans.factory.annotation.AutowiredAnnotationBeanPostProcessor$AutowiredFieldElement.inject(AutowiredAnnotationBeanPostProcessor.java:573)
	at org.springframework.beans.factory.annotation.InjectionMetadata.inject(InjectionMetadata.java:88)
	at org.springframework.beans.factory.annotation.AutowiredAnnotationBeanPostProcessor.postProcessPropertyValues(AutowiredAnnotationBeanPostProcessor.java:331)
	... 56 common frames omitted
Caused by: java.lang.IllegalArgumentException: Could not resolve placeholder 'spring.redis.host' in string value "${spring.redis.host}"
	at org.springframework.util.PropertyPlaceholderHelper.parseStringValue(PropertyPlaceholderHelper.java:174)
	at org.springframework.util.PropertyPlaceholderHelper.replacePlaceholders(PropertyPlaceholderHelper.java:126)
	at org.springframework.core.env.AbstractPropertyResolver.doResolvePlaceholders(AbstractPropertyResolver.java:204)
	at org.springframework.core.env.AbstractPropertyResolver.resolveRequiredPlaceholders(AbstractPropertyResolver.java:178)
	at org.springframework.context.support.PropertySourcesPlaceholderConfigurer$2.resolveStringValue(PropertySourcesPlaceholderConfigurer.java:172)
	at org.springframework.beans.factory.support.AbstractBeanFactory.resolveEmbeddedValue(AbstractBeanFactory.java:808)
	at org.springframework.beans.factory.support.DefaultListableBeanFactory.doResolveDependency(DefaultListableBeanFactory.java:1027)
	at org.springframework.beans.factory.support.DefaultListableBeanFactory.resolveDependency(DefaultListableBeanFactory.java:1014)
	at org.springframework.beans.factory.annotation.AutowiredAnnotationBeanPostProcessor$AutowiredFieldElement.inject(AutowiredAnnotationBeanPostProcessor.java:545)
	... 58 common frames omitted
[2016-04-02 22:39:03] [ main ] [ INFO ] [org.springframework.boot.logging.ClasspathLoggingApplicationListener: 57] Application failed to start with classpath: [file:/Library/Java/JavaVirtualMachines/jdk1.8.0_60.jdk/Contents/Home/jre/lib/charsets.jar, file:/Library/Java/JavaVirtualMachines/jdk1.8.0_60.jdk/Contents/Home/jre/lib/deploy.jar, file:/Library/Java/JavaVirtualMachines/jdk1.8.0_60.jdk/Contents/Home/jre/lib/ext/cldrdata.jar, file:/Library/Java/JavaVirtualMachines/jdk1.8.0_60.jdk/Contents/Home/jre/lib/ext/dnsns.jar, file:/Library/Java/JavaVirtualMachines/jdk1.8.0_60.jdk/Contents/Home/jre/lib/ext/jaccess.jar, file:/Library/Java/JavaVirtualMachines/jdk1.8.0_60.jdk/Contents/Home/jre/lib/ext/jfxrt.jar, file:/Library/Java/JavaVirtualMachines/jdk1.8.0_60.jdk/Contents/Home/jre/lib/ext/localedata.jar, file:/Library/Java/JavaVirtualMachines/jdk1.8.0_60.jdk/Contents/Home/jre/lib/ext/nashorn.jar, file:/Library/Java/JavaVirtualMachines/jdk1.8.0_60.jdk/Contents/Home/jre/lib/ext/sunec.jar, file:/Library/Java/JavaVirtualMachines/jdk1.8.0_60.jdk/Contents/Home/jre/lib/ext/sunjce_provider.jar, file:/Library/Java/JavaVirtualMachines/jdk1.8.0_60.jdk/Contents/Home/jre/lib/ext/sunpkcs11.jar, file:/Library/Java/JavaVirtualMachines/jdk1.8.0_60.jdk/Contents/Home/jre/lib/ext/zipfs.jar, file:/Library/Java/JavaVirtualMachines/jdk1.8.0_60.jdk/Contents/Home/jre/lib/javaws.jar, file:/Library/Java/JavaVirtualMachines/jdk1.8.0_60.jdk/Contents/Home/jre/lib/jce.jar, file:/Library/Java/JavaVirtualMachines/jdk1.8.0_60.jdk/Contents/Home/jre/lib/jfr.jar, file:/Library/Java/JavaVirtualMachines/jdk1.8.0_60.jdk/Contents/Home/jre/lib/jfxswt.jar, file:/Library/Java/JavaVirtualMachines/jdk1.8.0_60.jdk/Contents/Home/jre/lib/jsse.jar, file:/Library/Java/JavaVirtualMachines/jdk1.8.0_60.jdk/Contents/Home/jre/lib/management-agent.jar, file:/Library/Java/JavaVirtualMachines/jdk1.8.0_60.jdk/Contents/Home/jre/lib/plugin.jar, file:/Library/Java/JavaVirtualMachines/jdk1.8.0_60.jdk/Contents/Home/jre/lib/resources.jar, file:/Library/Java/JavaVirtualMachines/jdk1.8.0_60.jdk/Contents/Home/jre/lib/rt.jar, file:/Library/Java/JavaVirtualMachines/jdk1.8.0_60.jdk/Contents/Home/lib/ant-javafx.jar, file:/Library/Java/JavaVirtualMachines/jdk1.8.0_60.jdk/Contents/Home/lib/dt.jar, file:/Library/Java/JavaVirtualMachines/jdk1.8.0_60.jdk/Contents/Home/lib/javafx-mx.jar, file:/Library/Java/JavaVirtualMachines/jdk1.8.0_60.jdk/Contents/Home/lib/jconsole.jar, file:/Library/Java/JavaVirtualMachines/jdk1.8.0_60.jdk/Contents/Home/lib/packager.jar, file:/Library/Java/JavaVirtualMachines/jdk1.8.0_60.jdk/Contents/Home/lib/sa-jdi.jar, file:/Library/Java/JavaVirtualMachines/jdk1.8.0_60.jdk/Contents/Home/lib/tools.jar, file:/Users/Harry/Github/springboot/target/classes/, file:/Users/Harry/.m2/repository/org/springframework/boot/spring-boot-starter-velocity/1.3.3.RELEASE/spring-boot-starter-velocity-1.3.3.RELEASE.jar, file:/Users/Harry/.m2/repository/org/springframework/boot/spring-boot-starter/1.3.3.RELEASE/spring-boot-starter-1.3.3.RELEASE.jar, file:/Users/Harry/.m2/repository/org/springframework/boot/spring-boot/1.3.3.RELEASE/spring-boot-1.3.3.RELEASE.jar, file:/Users/Harry/.m2/repository/org/springframework/boot/spring-boot-autoconfigure/1.3.3.RELEASE/spring-boot-autoconfigure-1.3.3.RELEASE.jar, file:/Users/Harry/.m2/repository/org/springframework/boot/spring-boot-starter-logging/1.3.3.RELEASE/spring-boot-starter-logging-1.3.3.RELEASE.jar, file:/Users/Harry/.m2/repository/ch/qos/logback/logback-classic/1.1.5/logback-classic-1.1.5.jar, file:/Users/Harry/.m2/repository/ch/qos/logback/logback-core/1.1.5/logback-core-1.1.5.jar, file:/Users/Harry/.m2/repository/org/slf4j/jul-to-slf4j/1.7.16/jul-to-slf4j-1.7.16.jar, file:/Users/Harry/.m2/repository/org/slf4j/log4j-over-slf4j/1.7.16/log4j-over-slf4j-1.7.16.jar, file:/Users/Harry/.m2/repository/org/yaml/snakeyaml/1.16/snakeyaml-1.16.jar, file:/Users/Harry/.m2/repository/org/springframework/boot/spring-boot-starter-web/1.3.3.RELEASE/spring-boot-starter-web-1.3.3.RELEASE.jar, file:/Users/Harry/.m2/repository/org/springframework/boot/spring-boot-starter-tomcat/1.3.3.RELEASE/spring-boot-starter-tomcat-1.3.3.RELEASE.jar, file:/Users/Harry/.m2/repository/org/apache/tomcat/embed/tomcat-embed-core/8.0.32/tomcat-embed-core-8.0.32.jar, file:/Users/Harry/.m2/repository/org/apache/tomcat/embed/tomcat-embed-el/8.0.32/tomcat-embed-el-8.0.32.jar, file:/Users/Harry/.m2/repository/org/apache/tomcat/embed/tomcat-embed-logging-juli/8.0.32/tomcat-embed-logging-juli-8.0.32.jar, file:/Users/Harry/.m2/repository/org/apache/tomcat/embed/tomcat-embed-websocket/8.0.32/tomcat-embed-websocket-8.0.32.jar, file:/Users/Harry/.m2/repository/org/springframework/boot/spring-boot-starter-validation/1.3.3.RELEASE/spring-boot-starter-validation-1.3.3.RELEASE.jar, file:/Users/Harry/.m2/repository/org/hibernate/hibernate-validator/5.2.4.Final/hibernate-validator-5.2.4.Final.jar, file:/Users/Harry/.m2/repository/javax/validation/validation-api/1.1.0.Final/validation-api-1.1.0.Final.jar, file:/Users/Harry/.m2/repository/com/fasterxml/classmate/1.1.0/classmate-1.1.0.jar, file:/Users/Harry/.m2/repository/com/fasterxml/jackson/core/jackson-databind/2.6.5/jackson-databind-2.6.5.jar, file:/Users/Harry/.m2/repository/com/fasterxml/jackson/core/jackson-annotations/2.6.5/jackson-annotations-2.6.5.jar, file:/Users/Harry/.m2/repository/com/fasterxml/jackson/core/jackson-core/2.6.5/jackson-core-2.6.5.jar, file:/Users/Harry/.m2/repository/org/springframework/spring-web/4.2.5.RELEASE/spring-web-4.2.5.RELEASE.jar, file:/Users/Harry/.m2/repository/org/springframework/spring-webmvc/4.2.5.RELEASE/spring-webmvc-4.2.5.RELEASE.jar, file:/Users/Harry/.m2/repository/commons-beanutils/commons-beanutils/1.9.2/commons-beanutils-1.9.2.jar, file:/Users/Harry/.m2/repository/commons-collections/commons-collections/3.2.2/commons-collections-3.2.2.jar, file:/Users/Harry/.m2/repository/commons-digester/commons-digester/2.1/commons-digester-2.1.jar, file:/Users/Harry/.m2/repository/org/apache/velocity/velocity/1.7/velocity-1.7.jar, file:/Users/Harry/.m2/repository/commons-lang/commons-lang/2.4/commons-lang-2.4.jar, file:/Users/Harry/.m2/repository/org/apache/velocity/velocity-tools/2.0/velocity-tools-2.0.jar, file:/Users/Harry/.m2/repository/commons-chain/commons-chain/1.1/commons-chain-1.1.jar, file:/Users/Harry/.m2/repository/commons-validator/commons-validator/1.3.1/commons-validator-1.3.1.jar, file:/Users/Harry/.m2/repository/dom4j/dom4j/1.1/dom4j-1.1.jar, file:/Users/Harry/.m2/repository/oro/oro/2.0.8/oro-2.0.8.jar, file:/Users/Harry/.m2/repository/sslext/sslext/1.2-0/sslext-1.2-0.jar, file:/Users/Harry/.m2/repository/org/apache/struts/struts-core/1.3.8/struts-core-1.3.8.jar, file:/Users/Harry/.m2/repository/antlr/antlr/2.7.7/antlr-2.7.7.jar, file:/Users/Harry/.m2/repository/org/apache/struts/struts-taglib/1.3.8/struts-taglib-1.3.8.jar, file:/Users/Harry/.m2/repository/org/apache/struts/struts-tiles/1.3.8/struts-tiles-1.3.8.jar, file:/Users/Harry/.m2/repository/org/springframework/spring-context-support/4.2.5.RELEASE/spring-context-support-4.2.5.RELEASE.jar, file:/Users/Harry/.m2/repository/org/springframework/boot/spring-boot-starter-data-jpa/1.3.3.RELEASE/spring-boot-starter-data-jpa-1.3.3.RELEASE.jar, file:/Users/Harry/.m2/repository/org/springframework/boot/spring-boot-starter-aop/1.3.3.RELEASE/spring-boot-starter-aop-1.3.3.RELEASE.jar, file:/Users/Harry/.m2/repository/org/springframework/spring-aop/4.2.5.RELEASE/spring-aop-4.2.5.RELEASE.jar, file:/Users/Harry/.m2/repository/aopalliance/aopalliance/1.0/aopalliance-1.0.jar, file:/Users/Harry/.m2/repository/org/aspectj/aspectjweaver/1.8.8/aspectjweaver-1.8.8.jar, file:/Users/Harry/.m2/repository/org/springframework/boot/spring-boot-starter-jdbc/1.3.3.RELEASE/spring-boot-starter-jdbc-1.3.3.RELEASE.jar, file:/Users/Harry/.m2/repository/org/apache/tomcat/tomcat-jdbc/8.0.32/tomcat-jdbc-8.0.32.jar, file:/Users/Harry/.m2/repository/org/apache/tomcat/tomcat-juli/8.0.32/tomcat-juli-8.0.32.jar, file:/Users/Harry/.m2/repository/org/springframework/spring-jdbc/4.2.5.RELEASE/spring-jdbc-4.2.5.RELEASE.jar, file:/Users/Harry/.m2/repository/org/hibernate/hibernate-entitymanager/4.3.11.Final/hibernate-entitymanager-4.3.11.Final.jar, file:/Users/Harry/.m2/repository/org/jboss/logging/jboss-logging/3.3.0.Final/jboss-logging-3.3.0.Final.jar, file:/Users/Harry/.m2/repository/org/jboss/logging/jboss-logging-annotations/1.2.0.Beta1/jboss-logging-annotations-1.2.0.Beta1.jar, file:/Users/Harry/.m2/repository/org/hibernate/hibernate-core/4.3.11.Final/hibernate-core-4.3.11.Final.jar, file:/Users/Harry/.m2/repository/org/jboss/jandex/1.1.0.Final/jandex-1.1.0.Final.jar, file:/Users/Harry/.m2/repository/org/hibernate/common/hibernate-commons-annotations/4.0.5.Final/hibernate-commons-annotations-4.0.5.Final.jar, file:/Users/Harry/.m2/repository/org/hibernate/javax/persistence/hibernate-jpa-2.1-api/1.0.0.Final/hibernate-jpa-2.1-api-1.0.0.Final.jar, file:/Users/Harry/.m2/repository/org/javassist/javassist/3.18.1-GA/javassist-3.18.1-GA.jar, file:/Users/Harry/.m2/repository/javax/transaction/javax.transaction-api/1.2/javax.transaction-api-1.2.jar, file:/Users/Harry/.m2/repository/org/springframework/data/spring-data-jpa/1.9.4.RELEASE/spring-data-jpa-1.9.4.RELEASE.jar, file:/Users/Harry/.m2/repository/org/springframework/data/spring-data-commons/1.11.4.RELEASE/spring-data-commons-1.11.4.RELEASE.jar, file:/Users/Harry/.m2/repository/org/springframework/spring-orm/4.2.5.RELEASE/spring-orm-4.2.5.RELEASE.jar, file:/Users/Harry/.m2/repository/org/springframework/spring-tx/4.2.5.RELEASE/spring-tx-4.2.5.RELEASE.jar, file:/Users/Harry/.m2/repository/org/slf4j/slf4j-api/1.7.16/slf4j-api-1.7.16.jar, file:/Users/Harry/.m2/repository/org/slf4j/jcl-over-slf4j/1.7.16/jcl-over-slf4j-1.7.16.jar, file:/Users/Harry/.m2/repository/org/springframework/spring-aspects/4.2.5.RELEASE/spring-aspects-4.2.5.RELEASE.jar, file:/Users/Harry/.m2/repository/mysql/mysql-connector-java/5.1.38/mysql-connector-java-5.1.38.jar, file:/Users/Harry/.m2/repository/org/springframework/boot/spring-boot-starter-redis/1.3.3.RELEASE/spring-boot-starter-redis-1.3.3.RELEASE.jar, file:/Users/Harry/.m2/repository/org/springframework/data/spring-data-redis/1.6.4.RELEASE/spring-data-redis-1.6.4.RELEASE.jar, file:/Users/Harry/.m2/repository/org/springframework/spring-oxm/4.2.5.RELEASE/spring-oxm-4.2.5.RELEASE.jar, file:/Users/Harry/.m2/repository/redis/clients/jedis/2.7.3/jedis-2.7.3.jar, file:/Users/Harry/.m2/repository/org/apache/commons/commons-pool2/2.4.2/commons-pool2-2.4.2.jar, file:/Users/Harry/.m2/repository/org/springframework/boot/spring-boot-starter-websocket/1.3.3.RELEASE/spring-boot-starter-websocket-1.3.3.RELEASE.jar, file:/Users/Harry/.m2/repository/org/springframework/spring-websocket/4.2.5.RELEASE/spring-websocket-4.2.5.RELEASE.jar, file:/Users/Harry/.m2/repository/org/springframework/spring-messaging/4.2.5.RELEASE/spring-messaging-4.2.5.RELEASE.jar, file:/Users/Harry/.m2/repository/org/springframework/spring-beans/4.2.5.RELEASE/spring-beans-4.2.5.RELEASE.jar, file:/Users/Harry/.m2/repository/org/springframework/spring-context/4.2.5.RELEASE/spring-context-4.2.5.RELEASE.jar, file:/Users/Harry/.m2/repository/org/springframework/spring-expression/4.2.5.RELEASE/spring-expression-4.2.5.RELEASE.jar, file:/Users/Harry/.m2/repository/org/springframework/spring-core/4.2.5.RELEASE/spring-core-4.2.5.RELEASE.jar, file:/Users/Harry/.m2/repository/com/h2database/h2/1.4.191/h2-1.4.191.jar, file:/Applications/IntelliJ%20IDEA%2015.app/Contents/lib/idea_rt.jar] 
[2016-04-02 22:40:09] [ main ] [ INFO ] [com.umbrellary.Application: 48] Starting Application on HarryMacBookPro.lan with PID 1253 (/Users/Harry/Github/springboot/target/classes started by Harry in /Users/Harry/Github/springboot) 
[2016-04-02 22:40:09] [ main ] [ INFO ] [com.umbrellary.Application: 666] No active profile set, falling back to default profiles: default 
[2016-04-02 22:40:09] [ main ] [ INFO ] [org.springframework.boot.context.embedded.AnnotationConfigEmbeddedWebApplicationContext: 578] Refreshing org.springframework.boot.context.embedded.AnnotationConfigEmbeddedWebApplicationContext@3c153a1: startup date [Sat Apr 02 22:40:09 CST 2016]; root of context hierarchy 
[2016-04-02 22:40:09] [ background-preinit ] [ INFO ] [org.hibernate.validator.internal.util.Version: 30] HV000001: Hibernate Validator 5.2.4.Final 
[2016-04-02 22:40:12] [ main ] [ INFO ] [org.springframework.context.support.PostProcessorRegistrationDelegate$BeanPostProcessorChecker: 328] Bean 'org.springframework.transaction.annotation.ProxyTransactionManagementConfiguration' of type [class org.springframework.transaction.annotation.ProxyTransactionManagementConfiguration$$EnhancerBySpringCGLIB$$db3368e6] is not eligible for getting processed by all BeanPostProcessors (for example: not eligible for auto-proxying) 
[2016-04-02 22:40:13] [ main ] [ INFO ] [org.springframework.context.support.PostProcessorRegistrationDelegate$BeanPostProcessorChecker: 328] Bean 'redisConfig' of type [class com.umbrellary.config.RedisConfig$$EnhancerBySpringCGLIB$$cf8e2d12] is not eligible for getting processed by all BeanPostProcessors (for example: not eligible for auto-proxying) 
[2016-04-02 22:40:13] [ main ] [ INFO ] [org.springframework.context.support.PostProcessorRegistrationDelegate$BeanPostProcessorChecker: 328] Bean 'org.springframework.cache.annotation.ProxyCachingConfiguration' of type [class org.springframework.cache.annotation.ProxyCachingConfiguration$$EnhancerBySpringCGLIB$$42913344] is not eligible for getting processed by all BeanPostProcessors (for example: not eligible for auto-proxying) 
[2016-04-02 22:40:14] [ main ] [ INFO ] [org.springframework.boot.context.embedded.tomcat.TomcatEmbeddedServletContainer: 81] Tomcat initialized with port(s): 8080 (http) 
[2016-04-02 22:40:14] [ main ] [ INFO ] [org.apache.catalina.core.StandardService: 180] Starting service Tomcat 
[2016-04-02 22:40:14] [ main ] [ INFO ] [org.apache.catalina.core.StandardEngine: 180] Starting Servlet Engine: Apache Tomcat/8.0.32 
[2016-04-02 22:40:15] [ localhost-startStop-1 ] [ INFO ] [org.apache.catalina.core.ContainerBase.[Tomcat].[localhost].[/]: 180] Initializing Spring embedded WebApplicationContext 
[2016-04-02 22:40:15] [ localhost-startStop-1 ] [ INFO ] [org.springframework.web.context.ContextLoader: 272] Root WebApplicationContext: initialization completed in 5395 ms 
[2016-04-02 22:40:16] [ localhost-startStop-1 ] [ INFO ] [org.springframework.boot.context.embedded.ServletRegistrationBean: 189] Mapping servlet: 'dispatcherServlet' to [/] 
[2016-04-02 22:40:16] [ localhost-startStop-1 ] [ INFO ] [org.springframework.boot.context.embedded.FilterRegistrationBean: 258] Mapping filter: 'characterEncodingFilter' to: [/*] 
[2016-04-02 22:40:16] [ localhost-startStop-1 ] [ INFO ] [org.springframework.boot.context.embedded.FilterRegistrationBean: 258] Mapping filter: 'hiddenHttpMethodFilter' to: [/*] 
[2016-04-02 22:40:16] [ localhost-startStop-1 ] [ INFO ] [org.springframework.boot.context.embedded.FilterRegistrationBean: 258] Mapping filter: 'httpPutFormContentFilter' to: [/*] 
[2016-04-02 22:40:16] [ localhost-startStop-1 ] [ INFO ] [org.springframework.boot.context.embedded.FilterRegistrationBean: 258] Mapping filter: 'requestContextFilter' to: [/*] 
[2016-04-02 22:40:17] [ main ] [ INFO ] [org.springframework.orm.jpa.LocalContainerEntityManagerFactoryBean: 339] Building JPA container EntityManagerFactory for persistence unit 'default' 
[2016-04-02 22:40:17] [ main ] [ INFO ] [org.hibernate.jpa.internal.util.LogHelper: 46] HHH000204: Processing PersistenceUnitInfo [
	name: default
	...] 
[2016-04-02 22:40:17] [ main ] [ INFO ] [org.hibernate.Version: 54] HHH000412: Hibernate Core {4.3.11.Final} 
[2016-04-02 22:40:17] [ main ] [ INFO ] [org.hibernate.cfg.Environment: 239] HHH000206: hibernate.properties not found 
[2016-04-02 22:40:17] [ main ] [ INFO ] [org.hibernate.cfg.Environment: 346] HHH000021: Bytecode provider name : javassist 
[2016-04-02 22:40:17] [ main ] [ INFO ] [org.hibernate.annotations.common.Version: 66] HCANN000001: Hibernate Commons Annotations {4.0.5.Final} 
[2016-04-02 22:40:18] [ main ] [ INFO ] [org.hibernate.dialect.Dialect: 145] HHH000400: Using dialect: org.hibernate.dialect.MySQL5Dialect 
[2016-04-02 22:40:18] [ main ] [ INFO ] [org.hibernate.hql.internal.ast.ASTQueryTranslatorFactory: 47] HHH000397: Using ASTQueryTranslatorFactory 
[2016-04-02 22:40:18] [ main ] [ INFO ] [org.hibernate.tool.hbm2ddl.SchemaUpdate: 207] HHH000228: Running hbm2ddl schema update 
[2016-04-02 22:40:18] [ main ] [ INFO ] [org.hibernate.tool.hbm2ddl.SchemaUpdate: 218] HHH000102: Fetching database metadata 
[2016-04-02 22:40:18] [ main ] [ INFO ] [org.hibernate.tool.hbm2ddl.SchemaUpdate: 230] HHH000396: Updating schema 
[2016-04-02 22:40:18] [ main ] [ INFO ] [java.sql.DatabaseMetaData: 147] HHH000262: Table not found: home 
[2016-04-02 22:40:18] [ main ] [ INFO ] [java.sql.DatabaseMetaData: 147] HHH000262: Table not found: user 
[2016-04-02 22:40:18] [ main ] [ INFO ] [java.sql.DatabaseMetaData: 147] HHH000262: Table not found: home 
[2016-04-02 22:40:18] [ main ] [ INFO ] [java.sql.DatabaseMetaData: 147] HHH000262: Table not found: user 
[2016-04-02 22:40:18] [ main ] [ INFO ] [java.sql.DatabaseMetaData: 147] HHH000262: Table not found: home 
[2016-04-02 22:40:18] [ main ] [ INFO ] [java.sql.DatabaseMetaData: 147] HHH000262: Table not found: user 
[2016-04-02 22:40:18] [ main ] [ INFO ] [org.hibernate.tool.hbm2ddl.SchemaUpdate: 267] HHH000232: Schema update complete 
[2016-04-02 22:40:19] [ main ] [ INFO ] [org.springframework.web.servlet.mvc.method.annotation.RequestMappingHandlerAdapter: 532] Looking for @ControllerAdvice: org.springframework.boot.context.embedded.AnnotationConfigEmbeddedWebApplicationContext@3c153a1: startup date [Sat Apr 02 22:40:09 CST 2016]; root of context hierarchy 
[2016-04-02 22:40:20] [ main ] [ INFO ] [org.springframework.web.servlet.mvc.method.annotation.RequestMappingHandlerMapping: 534] Mapped "{[/api2]}" onto public java.lang.String com.umbrellary.contoller.MainController.api2(java.lang.String,org.springframework.ui.Model) 
[2016-04-02 22:40:20] [ main ] [ INFO ] [org.springframework.web.servlet.mvc.method.annotation.RequestMappingHandlerMapping: 534] Mapped "{[/api21]}" onto public org.springframework.web.servlet.ModelAndView com.umbrellary.contoller.MainController.api21(java.lang.String) 
[2016-04-02 22:40:20] [ main ] [ INFO ] [org.springframework.web.servlet.mvc.method.annotation.RequestMappingHandlerMapping: 534] Mapped "{[/api3/{day}]}" onto public java.lang.String com.umbrellary.contoller.MainController.getForDay(java.lang.String,org.springframework.ui.Model) 
[2016-04-02 22:40:20] [ main ] [ INFO ] [org.springframework.web.servlet.mvc.method.annotation.RequestMappingHandlerMapping: 534] Mapped "{[/Login]}" onto public java.lang.String com.umbrellary.contoller.MainController.Login(java.lang.String,java.lang.String,org.springframework.ui.Model) 
[2016-04-02 22:40:20] [ main ] [ INFO ] [org.springframework.web.servlet.mvc.method.annotation.RequestMappingHandlerMapping: 534] Mapped "{[/api4]}" onto public java.lang.String com.umbrellary.contoller.MainController.api4() 
[2016-04-02 22:40:20] [ main ] [ INFO ] [org.springframework.web.servlet.mvc.method.annotation.RequestMappingHandlerMapping: 534] Mapped "{[/api5]}" onto public java.lang.String com.umbrellary.contoller.MainController.api5() 
[2016-04-02 22:40:20] [ main ] [ INFO ] [org.springframework.web.servlet.mvc.method.annotation.RequestMappingHandlerMapping: 534] Mapped "{[/api6]}" onto public java.lang.String com.umbrellary.contoller.MainController.api6() 
[2016-04-02 22:40:20] [ main ] [ INFO ] [org.springframework.web.servlet.mvc.method.annotation.RequestMappingHandlerMapping: 534] Mapped "{[/api7/{key}/{value}]}" onto public java.lang.String com.umbrellary.contoller.MainController.api7(java.lang.String,java.lang.String) 
[2016-04-02 22:40:20] [ main ] [ INFO ] [org.springframework.web.servlet.mvc.method.annotation.RequestMappingHandlerMapping: 534] Mapped "{[/api8]}" onto public java.lang.String com.umbrellary.contoller.MainController.api8() 
[2016-04-02 22:40:20] [ main ] [ INFO ] [org.springframework.web.servlet.mvc.method.annotation.RequestMappingHandlerMapping: 534] Mapped "{[/api9]}" onto public java.lang.String com.umbrellary.contoller.MainController.api9() 
[2016-04-02 22:40:20] [ main ] [ INFO ] [org.springframework.web.servlet.mvc.method.annotation.RequestMappingHandlerMapping: 534] Mapped "{[/api1]}" onto public java.lang.String com.umbrellary.contoller.MainController.api1(java.lang.String,org.springframework.ui.Model) 
[2016-04-02 22:40:20] [ main ] [ INFO ] [org.springframework.web.servlet.mvc.method.annotation.RequestMappingHandlerMapping: 534] Mapped "{[/error]}" onto public org.springframework.http.ResponseEntity<java.util.Map<java.lang.String, java.lang.Object>> org.springframework.boot.autoconfigure.web.BasicErrorController.error(javax.servlet.http.HttpServletRequest) 
[2016-04-02 22:40:20] [ main ] [ INFO ] [org.springframework.web.servlet.mvc.method.annotation.RequestMappingHandlerMapping: 534] Mapped "{[/error],produces=[text/html]}" onto public org.springframework.web.servlet.ModelAndView org.springframework.boot.autoconfigure.web.BasicErrorController.errorHtml(javax.servlet.http.HttpServletRequest,javax.servlet.http.HttpServletResponse) 
[2016-04-02 22:40:20] [ main ] [ INFO ] [org.springframework.web.servlet.handler.SimpleUrlHandlerMapping: 341] Mapped URL path [/webjars/**] onto handler of type [class org.springframework.web.servlet.resource.ResourceHttpRequestHandler] 
[2016-04-02 22:40:20] [ main ] [ INFO ] [org.springframework.web.servlet.handler.SimpleUrlHandlerMapping: 341] Mapped URL path [/**] onto handler of type [class org.springframework.web.servlet.resource.ResourceHttpRequestHandler] 
[2016-04-02 22:40:20] [ main ] [ INFO ] [org.springframework.web.servlet.handler.SimpleUrlHandlerMapping: 341] Mapped URL path [/**/favicon.ico] onto handler of type [class org.springframework.web.servlet.resource.ResourceHttpRequestHandler] 
[2016-04-02 22:40:20] [ main ] [ INFO ] [org.springframework.web.servlet.view.velocity.VelocityConfigurer: 140] ClasspathResourceLoader with name 'springMacro' added to configured VelocityEngine 
[2016-04-02 22:40:21] [ main ] [ INFO ] [org.springframework.jmx.export.annotation.AnnotationMBeanExporter: 431] Registering beans for JMX exposure on startup 
[2016-04-02 22:40:21] [ main ] [ INFO ] [org.apache.coyote.http11.Http11NioProtocol: 180] Initializing ProtocolHandler ["http-nio-8080"] 
[2016-04-02 22:40:21] [ main ] [ INFO ] [org.apache.coyote.http11.Http11NioProtocol: 180] Starting ProtocolHandler ["http-nio-8080"] 
[2016-04-02 22:40:21] [ main ] [ INFO ] [org.apache.tomcat.util.net.NioSelectorPool: 180] Using a shared selector for servlet write/read 
[2016-04-02 22:40:21] [ main ] [ INFO ] [org.springframework.boot.context.embedded.tomcat.TomcatEmbeddedServletContainer: 162] Tomcat started on port(s): 8080 (http) 
[2016-04-02 22:40:21] [ main ] [ INFO ] [com.umbrellary.Application: 57] Started Application in 12.543 seconds (JVM running for 13.736) 
[2016-04-02 22:42:36] [ http-nio-8080-exec-1 ] [ INFO ] [org.apache.catalina.core.ContainerBase.[Tomcat].[localhost].[/]: 180] Initializing Spring FrameworkServlet 'dispatcherServlet' 
[2016-04-02 22:42:36] [ http-nio-8080-exec-1 ] [ INFO ] [org.springframework.web.servlet.DispatcherServlet: 488] FrameworkServlet 'dispatcherServlet': initialization started 
[2016-04-02 22:42:36] [ http-nio-8080-exec-1 ] [ INFO ] [org.springframework.web.servlet.DispatcherServlet: 507] FrameworkServlet 'dispatcherServlet': initialization completed in 28 ms 
[2016-04-02 22:42:54] [ Thread-6 ] [ INFO ] [org.springframework.boot.context.embedded.AnnotationConfigEmbeddedWebApplicationContext: 960] Closing org.springframework.boot.context.embedded.AnnotationConfigEmbeddedWebApplicationContext@3c153a1: startup date [Sat Apr 02 22:40:09 CST 2016]; root of context hierarchy 
[2016-04-02 22:42:54] [ Thread-6 ] [ INFO ] [org.springframework.jmx.export.annotation.AnnotationMBeanExporter: 449] Unregistering JMX-exposed beans on shutdown 
[2016-04-02 22:42:54] [ Thread-6 ] [ INFO ] [org.springframework.orm.jpa.LocalContainerEntityManagerFactoryBean: 481] Closing JPA EntityManagerFactory for persistence unit 'default' 
